TN:
SF:src/index.ts
FN:19,startApp
FN:41,(anonymous_1)
FN:53,(anonymous_2)
FNF:3
FNH:0
FNDA:0,startApp
FNDA:0,(anonymous_1)
FNDA:0,(anonymous_2)
DA:5,0
DA:6,0
DA:7,0
DA:8,0
DA:11,0
DA:14,0
DA:21,0
DA:27,0
DA:29,0
DA:35,0
DA:36,0
DA:41,0
DA:42,0
DA:43,0
DA:44,0
DA:47,0
DA:50,0
DA:53,0
DA:54,0
DA:55,0
DA:56,0
DA:58,0
DA:59,0
DA:68,0
DA:69,0
DA:71,0
DA:72,0
DA:73,0
DA:75,0
DA:76,0
DA:81,0
LF:31
LH:0
BRDA:23,0,0,0
BRDA:23,0,1,0
BRDA:30,1,0,0
BRDA:30,1,1,0
BRDA:58,2,0,0
BRDA:58,2,1,0
BRDA:68,3,0,0
BRDA:68,3,1,0
BRDA:69,4,0,0
BRDA:69,4,1,0
BRDA:75,5,0,0
BRDA:75,5,1,0
BRF:12
BRH:0
end_of_record
TN:
SF:src/__test__/resource-manager.ts
FN:11,(anonymous_0)
FN:19,(anonymous_1)
FN:26,(anonymous_2)
FN:44,(anonymous_3)
FN:51,(anonymous_4)
FNF:5
FNH:0
FNDA:0,(anonymous_0)
FNDA:0,(anonymous_1)
FNDA:0,(anonymous_2)
FNDA:0,(anonymous_3)
FNDA:0,(anonymous_4)
DA:7,1
DA:8,0
DA:12,0
DA:20,0
DA:28,0
DA:29,0
DA:30,0
DA:32,0
DA:37,0
DA:45,0
DA:52,0
DA:54,0
DA:55,0
LF:13
LH:1
BRF:0
BRH:0
end_of_record
TN:
SF:src/__test__/test-data-generator.ts
FN:12,(anonymous_0)
FN:28,(anonymous_1)
FN:44,(anonymous_2)
FN:45,(anonymous_3)
FN:51,(anonymous_4)
FN:52,(anonymous_5)
FNF:6
FNH:0
FNDA:0,(anonymous_0)
FNDA:0,(anonymous_1)
FNDA:0,(anonymous_2)
FNDA:0,(anonymous_3)
FNDA:0,(anonymous_4)
FNDA:0,(anonymous_5)
DA:1,1
DA:8,1
DA:13,0
DA:29,0
DA:45,0
DA:52,0
LF:6
LH:2
BRF:0
BRH:0
end_of_record
TN:
SF:src/__test__/test-utils.ts
FN:14,(anonymous_0)
FN:39,(anonymous_1)
FN:48,(anonymous_2)
FN:49,(anonymous_3)
FN:56,(anonymous_4)
FNF:5
FNH:0
FNDA:0,(anonymous_0)
FNDA:0,(anonymous_1)
FNDA:0,(anonymous_2)
FNDA:0,(anonymous_3)
FNDA:0,(anonymous_4)
DA:1,1
DA:2,1
DA:3,1
DA:4,1
DA:5,1
DA:10,1
DA:16,0
DA:17,0
DA:20,0
DA:21,0
DA:22,0
DA:25,0
DA:27,0
DA:40,0
DA:41,0
DA:49,0
DA:57,0
DA:58,0
DA:59,0
DA:61,0
LF:20
LH:6
BRF:0
BRH:0
end_of_record
TN:
SF:src/application/adapters/InputAdapter.ts
FN:28,(anonymous_0)
FN:49,(anonymous_1)
FN:71,(anonymous_2)
FN:90,(anonymous_3)
FNF:4
FNH:0
FNDA:0,(anonymous_0)
FNDA:0,(anonymous_1)
FNDA:0,(anonymous_2)
FNDA:0,(anonymous_3)
DA:2,0
DA:3,0
DA:4,0
DA:5,0
DA:6,0
DA:22,0
DA:29,0
DA:50,0
DA:72,0
DA:92,0
DA:93,0
DA:94,0
DA:95,0
DA:96,0
DA:97,0
DA:100,0
LF:16
LH:0
BRDA:92,0,0,0
BRDA:92,0,1,0
BRDA:94,1,0,0
BRDA:94,1,1,0
BRDA:96,2,0,0
BRDA:96,2,1,0
BRDA:101,3,0,0
BRDA:101,3,1,0
BRDA:103,4,0,0
BRDA:103,4,1,0
BRDA:104,5,0,0
BRDA:104,5,1,0
BRDA:105,6,0,0
BRDA:105,6,1,0
BRDA:106,7,0,0
BRDA:106,7,1,0
BRF:16
BRH:0
end_of_record
TN:
SF:src/application/ai/cognitive-feedback/blindspot-detection-service-impl.ts
FN:14,(anonymous_0)
FN:25,(anonymous_1)
FN:82,(anonymous_2)
FN:132,(anonymous_3)
FN:146,(anonymous_4)
FN:152,(anonymous_5)
FN:187,(anonymous_6)
FN:248,(anonymous_7)
FN:270,(anonymous_8)
FN:275,(anonymous_9)
FN:280,(anonymous_10)
FN:289,(anonymous_11)
FN:291,(anonymous_12)
FN:317,(anonymous_13)
FN:342,(anonymous_14)
FN:367,(anonymous_15)
FN:372,(anonymous_16)
FN:377,(anonymous_17)
FN:388,(anonymous_18)
FN:391,(anonymous_19)
FN:404,(anonymous_20)
FN:411,(anonymous_21)
FN:422,(anonymous_22)
FNF:23
FNH:0
FNDA:0,(anonymous_0)
FNDA:0,(anonymous_1)
FNDA:0,(anonymous_2)
FNDA:0,(anonymous_3)
FNDA:0,(anonymous_4)
FNDA:0,(anonymous_5)
FNDA:0,(anonymous_6)
FNDA:0,(anonymous_7)
FNDA:0,(anonymous_8)
FNDA:0,(anonymous_9)
FNDA:0,(anonymous_10)
FNDA:0,(anonymous_11)
FNDA:0,(anonymous_12)
FNDA:0,(anonymous_13)
FNDA:0,(anonymous_14)
FNDA:0,(anonymous_15)
FNDA:0,(anonymous_16)
FNDA:0,(anonymous_17)
FNDA:0,(anonymous_18)
FNDA:0,(anonymous_19)
FNDA:0,(anonymous_20)
FNDA:0,(anonymous_21)
FNDA:0,(anonymous_22)
DA:8,1
DA:13,1
DA:15,0
DA:31,0
DA:32,0
DA:33,0
DA:37,0
DA:38,0
DA:41,0
DA:44,0
DA:45,0
DA:48,0
DA:49,0
DA:52,0
DA:53,0
DA:56,0
DA:59,0
DA:62,0
DA:71,0
DA:89,0
DA:90,0
DA:91,0
DA:95,0
DA:96,0
DA:99,0
DA:102,0
DA:103,0
DA:106,0
DA:109,0
DA:112,0
DA:121,0
DA:139,0
DA:140,0
DA:141,0
DA:145,0
DA:147,0
DA:152,0
DA:155,0
DA:158,0
DA:161,0
DA:164,0
DA:167,0
DA:176,0
DA:194,0
DA:195,0
DA:196,0
DA:200,0
DA:201,0
DA:204,0
DA:207,0
DA:208,0
DA:209,0
DA:212,0
DA:213,0
DA:214,0
DA:217,0
DA:218,0
DA:219,0
DA:223,0
DA:226,0
DA:229,0
DA:238,0
DA:254,0
DA:271,0
DA:274,0
DA:275,0
DA:276,0
DA:280,0
DA:281,0
DA:282,0
DA:284,0
DA:285,0
DA:289,0
DA:290,0
DA:291,0
DA:292,0
DA:293,0
DA:308,0
DA:318,0
DA:321,0
DA:333,0
DA:343,0
DA:346,0
DA:358,0
DA:368,0
DA:371,0
DA:372,0
DA:376,0
DA:377,0
DA:380,0
DA:389,0
DA:391,0
DA:392,0
DA:395,0
DA:405,0
DA:406,0
DA:407,0
DA:410,0
DA:411,0
DA:414,0
DA:423,0
DA:424,0
DA:427,0
DA:433,0
LF:104
LH:2
BRDA:32,0,0,0
BRDA:90,1,0,0
BRDA:140,2,0,0
BRDA:195,3,0,0
BRDA:207,4,0,0
BRDA:212,5,0,0
BRDA:217,6,0,0
BRDA:281,7,0,0
BRDA:281,7,1,0
BRDA:284,8,0,0
BRDA:284,8,1,0
BRDA:290,9,0,0
BRDA:292,10,0,0
BRDA:371,11,0,0
BRDA:376,12,0,0
BRDA:376,13,0,0
BRDA:376,13,1,0
BRDA:392,14,0,0
BRDA:392,14,1,0
BRDA:406,15,0,0
BRDA:423,16,0,0
BRF:21
BRH:0
end_of_record
TN:
SF:src/application/ai/cognitive-feedback/cognitive-feedback-service-impl.ts
FN:37,(anonymous_0)
FN:48,(anonymous_1)
FN:70,(anonymous_2)
FN:72,(anonymous_3)
FN:73,(anonymous_4)
FN:99,(anonymous_5)
FN:121,(anonymous_6)
FN:126,(anonymous_7)
FN:138,(anonymous_8)
FN:146,(anonymous_9)
FN:148,(anonymous_10)
FN:150,(anonymous_11)
FN:184,(anonymous_12)
FN:191,(anonymous_13)
FN:192,(anonymous_14)
FN:193,(anonymous_15)
FN:203,(anonymous_16)
FN:224,(anonymous_17)
FN:241,(anonymous_18)
FN:251,(anonymous_19)
FN:281,(anonymous_20)
FN:299,(anonymous_21)
FN:344,(anonymous_22)
FN:411,(anonymous_23)
FN:433,(anonymous_24)
FN:455,(anonymous_25)
FN:477,(anonymous_26)
FN:499,(anonymous_27)
FN:521,(anonymous_28)
FN:523,(anonymous_29)
FN:531,(anonymous_30)
FN:543,(anonymous_31)
FN:557,(anonymous_32)
FN:567,(anonymous_33)
FN:597,(anonymous_34)
FN:615,(anonymous_35)
FN:660,(anonymous_36)
FN:677,(anonymous_37)
FN:734,(anonymous_38)
FN:758,(anonymous_39)
FN:782,(anonymous_40)
FN:806,(anonymous_41)
FN:830,(anonymous_42)
FN:854,(anonymous_43)
FN:856,(anonymous_44)
FN:866,(anonymous_45)
FN:868,(anonymous_46)
FN:877,(anonymous_47)
FN:882,(anonymous_48)
FN:894,(anonymous_49)
FN:902,(anonymous_50)
FN:962,(anonymous_51)
FN:981,(anonymous_52)
FN:1003,(anonymous_53)
FN:1007,(anonymous_54)
FN:1008,(anonymous_55)
FN:1022,(anonymous_56)
FN:1023,(anonymous_57)
FN:1037,(anonymous_58)
FN:1049,(anonymous_59)
FN:1051,(anonymous_60)
FN:1052,(anonymous_61)
FN:1059,(anonymous_62)
FN:1060,(anonymous_63)
FN:1076,(anonymous_64)
FN:1078,(anonymous_65)
FN:1079,(anonymous_66)
FN:1086,(anonymous_67)
FN:1087,(anonymous_68)
FN:1105,(anonymous_69)
FN:1141,(anonymous_70)
FN:1154,(anonymous_71)
FN:1163,(anonymous_72)
FN:1179,(anonymous_73)
FN:1197,(anonymous_74)
FN:1218,(anonymous_75)
FN:1240,(anonymous_76)
FN:1258,(anonymous_77)
FN:1272,(anonymous_78)
FNF:79
FNH:0
FNDA:0,(anonymous_0)
FNDA:0,(anonymous_1)
FNDA:0,(anonymous_2)
FNDA:0,(anonymous_3)
FNDA:0,(anonymous_4)
FNDA:0,(anonymous_5)
FNDA:0,(anonymous_6)
FNDA:0,(anonymous_7)
FNDA:0,(anonymous_8)
FNDA:0,(anonymous_9)
FNDA:0,(anonymous_10)
FNDA:0,(anonymous_11)
FNDA:0,(anonymous_12)
FNDA:0,(anonymous_13)
FNDA:0,(anonymous_14)
FNDA:0,(anonymous_15)
FNDA:0,(anonymous_16)
FNDA:0,(anonymous_17)
FNDA:0,(anonymous_18)
FNDA:0,(anonymous_19)
FNDA:0,(anonymous_20)
FNDA:0,(anonymous_21)
FNDA:0,(anonymous_22)
FNDA:0,(anonymous_23)
FNDA:0,(anonymous_24)
FNDA:0,(anonymous_25)
FNDA:0,(anonymous_26)
FNDA:0,(anonymous_27)
FNDA:0,(anonymous_28)
FNDA:0,(anonymous_29)
FNDA:0,(anonymous_30)
FNDA:0,(anonymous_31)
FNDA:0,(anonymous_32)
FNDA:0,(anonymous_33)
FNDA:0,(anonymous_34)
FNDA:0,(anonymous_35)
FNDA:0,(anonymous_36)
FNDA:0,(anonymous_37)
FNDA:0,(anonymous_38)
FNDA:0,(anonymous_39)
FNDA:0,(anonymous_40)
FNDA:0,(anonymous_41)
FNDA:0,(anonymous_42)
FNDA:0,(anonymous_43)
FNDA:0,(anonymous_44)
FNDA:0,(anonymous_45)
FNDA:0,(anonymous_46)
FNDA:0,(anonymous_47)
FNDA:0,(anonymous_48)
FNDA:0,(anonymous_49)
FNDA:0,(anonymous_50)
FNDA:0,(anonymous_51)
FNDA:0,(anonymous_52)
FNDA:0,(anonymous_53)
FNDA:0,(anonymous_54)
FNDA:0,(anonymous_55)
FNDA:0,(anonymous_56)
FNDA:0,(anonymous_57)
FNDA:0,(anonymous_58)
FNDA:0,(anonymous_59)
FNDA:0,(anonymous_60)
FNDA:0,(anonymous_61)
FNDA:0,(anonymous_62)
FNDA:0,(anonymous_63)
FNDA:0,(anonymous_64)
FNDA:0,(anonymous_65)
FNDA:0,(anonymous_66)
FNDA:0,(anonymous_67)
FNDA:0,(anonymous_68)
FNDA:0,(anonymous_69)
FNDA:0,(anonymous_70)
FNDA:0,(anonymous_71)
FNDA:0,(anonymous_72)
FNDA:0,(anonymous_73)
FNDA:0,(anonymous_74)
FNDA:0,(anonymous_75)
FNDA:0,(anonymous_76)
FNDA:0,(anonymous_77)
FNDA:0,(anonymous_78)
DA:1,0
DA:2,0
DA:36,0
DA:38,0
DA:39,0
DA:50,0
DA:53,0
DA:55,0
DA:72,0
DA:73,0
DA:76,0
DA:81,0
DA:83,0
DA:85,0
DA:100,0
DA:102,0
DA:103,0
DA:104,0
DA:107,0
DA:114,0
DA:123,0
DA:126,0
DA:128,0
DA:129,0
DA:132,0
DA:133,0
DA:137,0
DA:139,0
DA:140,0
DA:141,0
DA:146,0
DA:148,0
DA:149,0
DA:151,0
DA:156,0
DA:167,0
DA:169,0
DA:185,0
DA:188,0
DA:191,0
DA:192,0
DA:193,0
DA:195,0
DA:196,0
DA:197,0
DA:198,0
DA:203,0
DA:204,0
DA:206,0
DA:214,0
DA:226,0
DA:240,0
DA:242,0
DA:252,0
DA:255,0
DA:256,0
DA:260,0
DA:261,0
DA:265,0
DA:266,0
DA:270,0
DA:271,0
DA:275,0
DA:276,0
DA:280,0
DA:281,0
DA:284,0
DA:302,0
DA:304,0
DA:305,0
DA:307,0
DA:309,0
DA:310,0
DA:312,0
DA:314,0
DA:315,0
DA:317,0
DA:319,0
DA:320,0
DA:322,0
DA:324,0
DA:325,0
DA:327,0
DA:330,0
DA:345,0
DA:346,0
DA:349,0
DA:352,0
DA:353,0
DA:354,0
DA:356,0
DA:357,0
DA:358,0
DA:360,0
DA:361,0
DA:362,0
DA:364,0
DA:365,0
DA:366,0
DA:370,0
DA:372,0
DA:373,0
DA:375,0
DA:376,0
DA:378,0
DA:379,0
DA:383,0
DA:385,0
DA:386,0
DA:388,0
DA:389,0
DA:391,0
DA:392,0
DA:396,0
DA:398,0
DA:412,0
DA:434,0
DA:456,0
DA:478,0
DA:500,0
DA:523,0
DA:533,0
DA:534,0
DA:535,0
DA:545,0
DA:548,0
DA:549,0
DA:556,0
DA:558,0
DA:568,0
DA:571,0
DA:572,0
DA:576,0
DA:577,0
DA:581,0
DA:582,0
DA:586,0
DA:587,0
DA:591,0
DA:592,0
DA:596,0
DA:597,0
DA:600,0
DA:616,0
DA:619,0
DA:620,0
DA:639,0
DA:640,0
DA:659,0
DA:660,0
DA:663,0
DA:678,0
DA:679,0
DA:682,0
DA:684,0
DA:685,0
DA:686,0
DA:688,0
DA:689,0
DA:690,0
DA:692,0
DA:693,0
DA:694,0
DA:696,0
DA:697,0
DA:698,0
DA:700,0
DA:701,0
DA:702,0
DA:706,0
DA:708,0
DA:709,0
DA:711,0
DA:712,0
DA:714,0
DA:715,0
DA:719,0
DA:721,0
DA:735,0
DA:759,0
DA:783,0
DA:807,0
DA:831,0
DA:856,0
DA:857,0
DA:868,0
DA:869,0
DA:879,0
DA:882,0
DA:883,0
DA:884,0
DA:886,0
DA:893,0
DA:904,0
DA:905,0
DA:906,0
DA:907,0
DA:910,0
DA:913,0
DA:914,0
DA:917,0
DA:920,0
DA:948,0
DA:964,0
DA:983,0
DA:985,0
DA:987,0
DA:989,0
DA:991,0
DA:1004,0
DA:1007,0
DA:1008,0
DA:1009,0
DA:1022,0
DA:1023,0
DA:1024,0
DA:1037,0
DA:1038,0
DA:1039,0
DA:1051,0
DA:1052,0
DA:1054,0
DA:1055,0
DA:1059,0
DA:1060,0
DA:1062,0
DA:1063,0
DA:1067,0
DA:1078,0
DA:1079,0
DA:1081,0
DA:1082,0
DA:1086,0
DA:1087,0
DA:1089,0
DA:1090,0
DA:1094,0
DA:1106,0
DA:1109,0
DA:1110,0
DA:1114,0
DA:1115,0
DA:1119,0
DA:1120,0
DA:1124,0
DA:1125,0
DA:1129,0
DA:1130,0
DA:1133,0
DA:1142,0
DA:1143,0
DA:1144,0
DA:1145,0
DA:1146,0
DA:1148,0
DA:1149,0
DA:1152,0
DA:1153,0
DA:1154,0
DA:1155,0
DA:1156,0
DA:1161,0
DA:1162,0
DA:1163,0
DA:1164,0
DA:1165,0
DA:1166,0
DA:1167,0
DA:1171,0
DA:1181,0
DA:1198,0
DA:1201,0
DA:1203,0
DA:1205,0
DA:1207,0
DA:1209,0
DA:1219,0
DA:1221,0
DA:1223,0
DA:1225,0
DA:1227,0
DA:1229,0
DA:1231,0
DA:1241,0
DA:1243,0
DA:1245,0
DA:1247,0
DA:1249,0
DA:1257,0
DA:1259,0
DA:1260,0
DA:1261,0
DA:1262,0
DA:1263,0
DA:1274,0
DA:1277,0
DA:1280,0
DA:1283,0
DA:1286,0
DA:1293,0
LF:300
LH:0
BRDA:59,0,0,0
BRDA:59,0,1,0
BRDA:72,1,0,0
BRDA:72,1,1,0
BRDA:73,2,0,0
BRDA:73,2,1,0
BRDA:89,3,0,0
BRDA:89,3,1,0
BRDA:128,4,0,0
BRDA:128,4,1,0
BRDA:132,5,0,0
BRDA:132,5,1,0
BRDA:139,6,0,0
BRDA:139,6,1,0
BRDA:140,7,0,0
BRDA:140,7,1,0
BRDA:149,8,0,0
BRDA:149,8,1,0
BRDA:151,9,0,0
BRDA:151,9,1,0
BRDA:151,9,2,0
BRDA:151,9,3,0
BRDA:161,10,0,0
BRDA:161,10,1,0
BRDA:195,11,0,0
BRDA:195,12,0,0
BRDA:195,12,1,0
BRDA:197,13,0,0
BRDA:197,13,1,0
BRDA:255,14,0,0
BRDA:260,15,0,0
BRDA:265,16,0,0
BRDA:270,17,0,0
BRDA:275,18,0,0
BRDA:280,19,0,0
BRDA:280,19,1,0
BRDA:302,20,0,0
BRDA:302,20,1,0
BRDA:302,20,2,0
BRDA:302,20,3,0
BRDA:302,20,4,0
BRDA:304,21,0,0
BRDA:309,22,0,0
BRDA:314,23,0,0
BRDA:319,24,0,0
BRDA:324,25,0,0
BRDA:332,26,0,0
BRDA:332,26,1,0
BRDA:334,27,0,0
BRDA:334,27,1,0
BRDA:349,28,0,0
BRDA:349,28,1,0
BRDA:349,28,2,0
BRDA:349,28,3,0
BRDA:349,28,4,0
BRDA:370,29,0,0
BRDA:370,29,1,0
BRDA:370,29,2,0
BRDA:383,30,0,0
BRDA:383,30,1,0
BRDA:383,30,2,0
BRDA:418,31,0,0
BRDA:418,31,1,0
BRDA:533,32,0,0
BRDA:535,33,0,0
BRDA:535,33,1,0
BRDA:545,34,0,0
BRDA:571,35,0,0
BRDA:576,36,0,0
BRDA:581,37,0,0
BRDA:586,38,0,0
BRDA:591,39,0,0
BRDA:596,40,0,0
BRDA:596,40,1,0
BRDA:619,41,0,0
BRDA:639,42,0,0
BRDA:659,43,0,0
BRDA:659,43,1,0
BRDA:682,44,0,0
BRDA:682,44,1,0
BRDA:682,44,2,0
BRDA:682,44,3,0
BRDA:682,44,4,0
BRDA:706,45,0,0
BRDA:706,45,1,0
BRDA:706,45,2,0
BRDA:741,46,0,0
BRDA:741,46,1,0
BRDA:743,47,0,0
BRDA:743,47,1,0
BRDA:765,48,0,0
BRDA:765,48,1,0
BRDA:857,49,0,0
BRDA:857,49,1,0
BRDA:879,50,0,0
BRDA:904,51,0,0
BRDA:904,51,1,0
BRDA:905,52,0,0
BRDA:905,52,1,0
BRDA:906,53,0,0
BRDA:906,53,1,0
BRDA:907,54,0,0
BRDA:907,54,1,0
BRDA:910,55,0,0
BRDA:910,55,1,0
BRDA:910,56,0,0
BRDA:910,56,1,0
BRDA:913,57,0,0
BRDA:913,57,1,0
BRDA:913,58,0,0
BRDA:913,58,1,0
BRDA:914,59,0,0
BRDA:914,59,1,0
BRDA:914,60,0,0
BRDA:914,60,1,0
BRDA:924,61,0,0
BRDA:924,61,1,0
BRDA:930,62,0,0
BRDA:930,62,1,0
BRDA:936,63,0,0
BRDA:936,63,1,0
BRDA:983,64,0,0
BRDA:983,64,1,0
BRDA:983,64,2,0
BRDA:983,64,3,0
BRDA:1051,65,0,0
BRDA:1051,65,1,0
BRDA:1054,66,0,0
BRDA:1059,67,0,0
BRDA:1059,67,1,0
BRDA:1062,68,0,0
BRDA:1078,69,0,0
BRDA:1078,69,1,0
BRDA:1081,70,0,0
BRDA:1086,71,0,0
BRDA:1086,71,1,0
BRDA:1089,72,0,0
BRDA:1109,73,0,0
BRDA:1114,74,0,0
BRDA:1114,75,0,0
BRDA:1114,75,1,0
BRDA:1114,75,2,0
BRDA:1119,76,0,0
BRDA:1119,77,0,0
BRDA:1119,77,1,0
BRDA:1119,77,2,0
BRDA:1124,78,0,0
BRDA:1124,79,0,0
BRDA:1124,79,1,0
BRDA:1124,79,2,0
BRDA:1129,80,0,0
BRDA:1152,81,0,0
BRDA:1161,82,0,0
BRDA:1198,83,0,0
BRDA:1198,83,1,0
BRDA:1198,83,2,0
BRDA:1198,83,3,0
BRDA:1198,83,4,0
BRDA:1198,83,5,0
BRDA:1219,84,0,0
BRDA:1219,84,1,0
BRDA:1219,84,2,0
BRDA:1219,84,3,0
BRDA:1219,84,4,0
BRDA:1219,84,5,0
BRDA:1241,85,0,0
BRDA:1241,85,1,0
BRDA:1241,85,2,0
BRDA:1241,85,3,0
BRF:169
BRH:0
end_of_record
TN:
SF:src/application/ai/cognitive-feedback/cognitive-feedback-service.ts
FN:104,(anonymous_0)
FN:120,(anonymous_1)
FN:132,(anonymous_2)
FN:184,(anonymous_3)
FN:240,(anonymous_4)
FN:254,(anonymous_5)
FN:288,(anonymous_6)
FNF:7
FNH:0
FNDA:0,(anonymous_0)
FNDA:0,(anonymous_1)
FNDA:0,(anonymous_2)
FNDA:0,(anonymous_3)
FNDA:0,(anonymous_4)
FNDA:0,(anonymous_5)
FNDA:0,(anonymous_6)
DA:104,0
DA:106,0
DA:108,0
DA:110,0
DA:112,0
DA:114,0
DA:120,0
DA:122,0
DA:124,0
DA:126,0
DA:132,0
DA:134,0
DA:136,0
DA:138,0
DA:184,0
DA:186,0
DA:188,0
DA:190,0
DA:192,0
DA:194,0
DA:240,0
DA:242,0
DA:244,0
DA:246,0
DA:248,0
DA:254,0
DA:256,0
DA:258,0
DA:260,0
DA:262,0
DA:288,0
DA:290,0
DA:292,0
DA:294,0
DA:296,0
DA:298,0
LF:36
LH:0
BRDA:104,0,0,0
BRDA:104,0,1,0
BRDA:120,1,0,0
BRDA:120,1,1,0
BRDA:132,2,0,0
BRDA:132,2,1,0
BRDA:184,3,0,0
BRDA:184,3,1,0
BRDA:240,4,0,0
BRDA:240,4,1,0
BRDA:254,5,0,0
BRDA:254,5,1,0
BRDA:288,6,0,0
BRDA:288,6,1,0
BRF:14
BRH:0
end_of_record
TN:
SF:src/application/ai/cognitive-feedback/feedback-formatting-service-impl.ts
FN:17,(anonymous_0)
FN:25,(anonymous_1)
FN:67,(anonymous_2)
FN:98,(anonymous_3)
FN:113,(anonymous_4)
FN:159,(anonymous_5)
FN:205,(anonymous_6)
FN:254,(anonymous_7)
FN:312,(anonymous_8)
FN:325,(anonymous_9)
FN:347,(anonymous_10)
FN:357,(anonymous_11)
FN:359,(anonymous_12)
FN:366,(anonymous_13)
FN:383,(anonymous_14)
FN:389,(anonymous_15)
FN:412,(anonymous_16)
FN:418,(anonymous_17)
FN:445,(anonymous_18)
FN:450,(anonymous_19)
FN:475,(anonymous_20)
FN:485,(anonymous_21)
FN:497,(anonymous_22)
FN:511,(anonymous_23)
FN:529,(anonymous_24)
FN:535,(anonymous_25)
FN:545,(anonymous_26)
FN:546,(anonymous_27)
FN:559,(anonymous_28)
FN:584,(anonymous_29)
FN:590,(anonymous_30)
FN:599,(anonymous_31)
FN:609,(anonymous_32)
FN:623,(anonymous_33)
FN:640,(anonymous_34)
FN:646,(anonymous_35)
FN:671,(anonymous_36)
FN:696,(anonymous_37)
FN:702,(anonymous_38)
FN:718,(anonymous_39)
FN:732,(anonymous_40)
FN:749,(anonymous_41)
FN:755,(anonymous_42)
FN:779,(anonymous_43)
FN:807,(anonymous_44)
FN:843,(anonymous_45)
FN:859,(anonymous_46)
FN:873,(anonymous_47)
FN:910,(anonymous_48)
FN:966,(anonymous_49)
FN:1006,(anonymous_50)
FN:1007,(anonymous_51)
FN:1022,(anonymous_52)
FN:1040,(anonymous_53)
FN:1042,(anonymous_54)
FNF:55
FNH:0
FNDA:0,(anonymous_0)
FNDA:0,(anonymous_1)
FNDA:0,(anonymous_2)
FNDA:0,(anonymous_3)
FNDA:0,(anonymous_4)
FNDA:0,(anonymous_5)
FNDA:0,(anonymous_6)
FNDA:0,(anonymous_7)
FNDA:0,(anonymous_8)
FNDA:0,(anonymous_9)
FNDA:0,(anonymous_10)
FNDA:0,(anonymous_11)
FNDA:0,(anonymous_12)
FNDA:0,(anonymous_13)
FNDA:0,(anonymous_14)
FNDA:0,(anonymous_15)
FNDA:0,(anonymous_16)
FNDA:0,(anonymous_17)
FNDA:0,(anonymous_18)
FNDA:0,(anonymous_19)
FNDA:0,(anonymous_20)
FNDA:0,(anonymous_21)
FNDA:0,(anonymous_22)
FNDA:0,(anonymous_23)
FNDA:0,(anonymous_24)
FNDA:0,(anonymous_25)
FNDA:0,(anonymous_26)
FNDA:0,(anonymous_27)
FNDA:0,(anonymous_28)
FNDA:0,(anonymous_29)
FNDA:0,(anonymous_30)
FNDA:0,(anonymous_31)
FNDA:0,(anonymous_32)
FNDA:0,(anonymous_33)
FNDA:0,(anonymous_34)
FNDA:0,(anonymous_35)
FNDA:0,(anonymous_36)
FNDA:0,(anonymous_37)
FNDA:0,(anonymous_38)
FNDA:0,(anonymous_39)
FNDA:0,(anonymous_40)
FNDA:0,(anonymous_41)
FNDA:0,(anonymous_42)
FNDA:0,(anonymous_43)
FNDA:0,(anonymous_44)
FNDA:0,(anonymous_45)
FNDA:0,(anonymous_46)
FNDA:0,(anonymous_47)
FNDA:0,(anonymous_48)
FNDA:0,(anonymous_49)
FNDA:0,(anonymous_50)
FNDA:0,(anonymous_51)
FNDA:0,(anonymous_52)
FNDA:0,(anonymous_53)
FNDA:0,(anonymous_54)
DA:6,1
DA:7,1
DA:11,1
DA:16,1
DA:35,0
DA:75,0
DA:77,0
DA:78,0
DA:80,0
DA:81,0
DA:83,0
DA:84,0
DA:87,0
DA:88,0
DA:92,0
DA:98,0
DA:102,0
DA:121,0
DA:123,0
DA:124,0
DA:126,0
DA:127,0
DA:129,0
DA:130,0
DA:133,0
DA:134,0
DA:138,0
DA:148,0
DA:167,0
DA:169,0
DA:170,0
DA:172,0
DA:173,0
DA:175,0
DA:176,0
DA:179,0
DA:180,0
DA:184,0
DA:194,0
DA:213,0
DA:215,0
DA:216,0
DA:218,0
DA:219,0
DA:221,0
DA:222,0
DA:225,0
DA:226,0
DA:230,0
DA:240,0
DA:265,0
DA:267,0
DA:274,0
DA:276,0
DA:283,0
DA:285,0
DA:292,0
DA:295,0
DA:302,0
DA:306,0
DA:312,0
DA:316,0
DA:327,0
DA:328,0
DA:334,0
DA:348,0
DA:349,0
DA:352,0
DA:353,0
DA:356,0
DA:357,0
DA:358,0
DA:359,0
DA:360,0
DA:361,0
DA:362,0
DA:363,0
DA:364,0
DA:365,0
DA:366,0
DA:367,0
DA:370,0
DA:374,0
DA:384,0
DA:389,0
DA:403,0
DA:414,0
DA:418,0
DA:436,0
DA:447,0
DA:450,0
DA:466,0
DA:476,0
DA:477,0
DA:478,0
DA:480,0
DA:481,0
DA:482,0
DA:484,0
DA:485,0
DA:486,0
DA:487,0
DA:488,0
DA:489,0
DA:490,0
DA:492,0
DA:495,0
DA:496,0
DA:497,0
DA:498,0
DA:502,0
DA:512,0
DA:531,0
DA:535,0
DA:545,0
DA:546,0
DA:550,0
DA:561,0
DA:575,0
DA:585,0
DA:586,0
DA:588,0
DA:589,0
DA:590,0
DA:591,0
DA:592,0
DA:593,0
DA:594,0
DA:595,0
DA:597,0
DA:598,0
DA:599,0
DA:600,0
DA:603,0
DA:607,0
DA:608,0
DA:609,0
DA:610,0
DA:614,0
DA:624,0
DA:642,0
DA:646,0
DA:662,0
DA:673,0
DA:687,0
DA:697,0
DA:698,0
DA:700,0
DA:701,0
DA:702,0
DA:703,0
DA:704,0
DA:705,0
DA:706,0
DA:707,0
DA:709,0
DA:710,0
DA:712,0
DA:716,0
DA:717,0
DA:718,0
DA:719,0
DA:723,0
DA:733,0
DA:751,0
DA:755,0
DA:770,0
DA:781,0
DA:795,0
DA:814,0
DA:815,0
DA:818,0
DA:819,0
DA:822,0
DA:823,0
DA:824,0
DA:827,0
DA:828,0
DA:831,0
DA:832,0
DA:835,0
DA:836,0
DA:842,0
DA:843,0
DA:844,0
DA:847,0
DA:866,0
DA:873,0
DA:918,0
DA:954,0
DA:974,0
DA:998,0
DA:1007,0
DA:1008,0
DA:1009,0
DA:1010,0
DA:1012,0
DA:1013,0
DA:1023,0
DA:1032,0
DA:1041,0
DA:1042,0
DA:1043,0
LF:203
LH:4
BRDA:75,0,0,0
BRDA:75,0,1,0
BRDA:75,0,2,0
BRDA:75,0,3,0
BRDA:75,0,4,0
BRDA:121,1,0,0
BRDA:121,1,1,0
BRDA:121,1,2,0
BRDA:121,1,3,0
BRDA:121,1,4,0
BRDA:167,2,0,0
BRDA:167,2,1,0
BRDA:167,2,2,0
BRDA:167,2,3,0
BRDA:167,2,4,0
BRDA:213,3,0,0
BRDA:213,3,1,0
BRDA:213,3,2,0
BRDA:213,3,3,0
BRDA:213,3,4,0
BRDA:265,4,0,0
BRDA:265,4,1,0
BRDA:265,4,2,0
BRDA:265,4,3,0
BRDA:265,4,4,0
BRDA:327,5,0,0
BRDA:348,6,0,0
BRDA:364,7,0,0
BRDA:364,8,0,0
BRDA:364,8,1,0
BRDA:396,9,0,0
BRDA:396,9,1,0
BRDA:397,10,0,0
BRDA:397,10,1,0
BRDA:398,11,0,0
BRDA:398,11,1,0
BRDA:424,12,0,0
BRDA:424,12,1,0
BRDA:457,13,0,0
BRDA:457,13,1,0
BRDA:459,14,0,0
BRDA:459,14,1,0
BRDA:460,15,0,0
BRDA:460,15,1,0
BRDA:489,16,0,0
BRDA:495,17,0,0
BRDA:588,18,0,0
BRDA:594,19,0,0
BRDA:597,20,0,0
BRDA:607,21,0,0
BRDA:700,22,0,0
BRDA:706,23,0,0
BRDA:709,24,0,0
BRDA:716,25,0,0
BRDA:1009,26,0,0
BRDA:1032,27,0,0
BRDA:1032,27,1,0
BRF:57
BRH:0
end_of_record
TN:
SF:src/application/ai/cognitive-feedback/gap-identification-service-impl.ts
FN:14,(anonymous_0)
FN:25,(anonymous_1)
FN:86,(anonymous_2)
FN:100,(anonymous_3)
FN:106,(anonymous_4)
FN:112,(anonymous_5)
FN:154,(anonymous_6)
FN:221,(anonymous_7)
FN:285,(anonymous_8)
FN:303,(anonymous_9)
FN:328,(anonymous_10)
FN:354,(anonymous_11)
FN:358,(anonymous_12)
FN:383,(anonymous_13)
FN:408,(anonymous_14)
FN:417,(anonymous_15)
FN:418,(anonymous_16)
FN:421,(anonymous_17)
FN:433,(anonymous_18)
FN:446,(anonymous_19)
FN:451,(anonymous_20)
FN:456,(anonymous_21)
FN:467,(anonymous_22)
FN:470,(anonymous_23)
FN:483,(anonymous_24)
FN:490,(anonymous_25)
FN:501,(anonymous_26)
FNF:27
FNH:0
FNDA:0,(anonymous_0)
FNDA:0,(anonymous_1)
FNDA:0,(anonymous_2)
FNDA:0,(anonymous_3)
FNDA:0,(anonymous_4)
FNDA:0,(anonymous_5)
FNDA:0,(anonymous_6)
FNDA:0,(anonymous_7)
FNDA:0,(anonymous_8)
FNDA:0,(anonymous_9)
FNDA:0,(anonymous_10)
FNDA:0,(anonymous_11)
FNDA:0,(anonymous_12)
FNDA:0,(anonymous_13)
FNDA:0,(anonymous_14)
FNDA:0,(anonymous_15)
FNDA:0,(anonymous_16)
FNDA:0,(anonymous_17)
FNDA:0,(anonymous_18)
FNDA:0,(anonymous_19)
FNDA:0,(anonymous_20)
FNDA:0,(anonymous_21)
FNDA:0,(anonymous_22)
FNDA:0,(anonymous_23)
FNDA:0,(anonymous_24)
FNDA:0,(anonymous_25)
FNDA:0,(anonymous_26)
DA:8,1
DA:13,1
DA:15,0
DA:31,0
DA:32,0
DA:33,0
DA:37,0
DA:38,0
DA:41,0
DA:44,0
DA:45,0
DA:48,0
DA:49,0
DA:52,0
DA:53,0
DA:56,0
DA:57,0
DA:60,0
DA:63,0
DA:66,0
DA:75,0
DA:93,0
DA:94,0
DA:95,0
DA:99,0
DA:101,0
DA:106,0
DA:109,0
DA:112,0
DA:113,0
DA:117,0
DA:120,0
DA:121,0
DA:124,0
DA:125,0
DA:128,0
DA:131,0
DA:134,0
DA:143,0
DA:161,0
DA:162,0
DA:163,0
DA:167,0
DA:168,0
DA:171,0
DA:174,0
DA:175,0
DA:176,0
DA:179,0
DA:180,0
DA:181,0
DA:184,0
DA:185,0
DA:186,0
DA:189,0
DA:190,0
DA:191,0
DA:195,0
DA:198,0
DA:201,0
DA:210,0
DA:228,0
DA:229,0
DA:230,0
DA:234,0
DA:235,0
DA:236,0
DA:240,0
DA:241,0
DA:244,0
DA:245,0
DA:248,0
DA:251,0
DA:257,0
DA:260,0
DA:263,0
DA:266,0
DA:275,0
DA:291,0
DA:304,0
DA:307,0
DA:308,0
DA:319,0
DA:329,0
DA:332,0
DA:333,0
DA:334,0
DA:345,0
DA:355,0
DA:358,0
DA:359,0
DA:362,0
DA:363,0
DA:374,0
DA:384,0
DA:387,0
DA:397,0
DA:414,0
DA:417,0
DA:418,0
DA:421,0
DA:422,0
DA:425,0
DA:426,0
DA:433,0
DA:437,0
DA:447,0
DA:450,0
DA:451,0
DA:455,0
DA:456,0
DA:459,0
DA:468,0
DA:470,0
DA:471,0
DA:474,0
DA:484,0
DA:485,0
DA:486,0
DA:489,0
DA:490,0
DA:493,0
DA:502,0
DA:503,0
DA:506,0
DA:512,0
LF:126
LH:2
BRDA:32,0,0,0
BRDA:94,1,0,0
BRDA:113,2,0,0
BRDA:113,2,1,0
BRDA:162,3,0,0
BRDA:174,4,0,0
BRDA:179,5,0,0
BRDA:184,6,0,0
BRDA:189,7,0,0
BRDA:229,8,0,0
BRDA:235,9,0,0
BRDA:307,10,0,0
BRDA:333,11,0,0
BRDA:359,12,0,0
BRDA:359,12,1,0
BRDA:362,13,0,0
BRDA:425,14,0,0
BRDA:450,15,0,0
BRDA:455,16,0,0
BRDA:455,17,0,0
BRDA:455,17,1,0
BRDA:471,18,0,0
BRDA:471,18,1,0
BRDA:485,19,0,0
BRDA:502,20,0,0
BRF:25
BRH:0
end_of_record
TN:
SF:src/application/ai/cognitive-feedback/insight-generation-service-impl.ts
FN:25,(anonymous_0)
FN:64,(anonymous_1)
FN:171,(anonymous_2)
FN:186,(anonymous_3)
FN:206,(anonymous_4)
FN:221,(anonymous_5)
FN:241,(anonymous_6)
FN:267,(anonymous_7)
FN:324,(anonymous_8)
FN:352,(anonymous_9)
FN:414,(anonymous_10)
FN:441,(anonymous_11)
FN:453,(anonymous_12)
FN:457,(anonymous_13)
FN:467,(anonymous_14)
FN:506,(anonymous_15)
FN:580,(anonymous_16)
FN:588,(anonymous_17)
FN:595,(anonymous_18)
FN:602,(anonymous_19)
FN:608,(anonymous_20)
FN:622,(anonymous_21)
FNF:22
FNH:0
FNDA:0,(anonymous_0)
FNDA:0,(anonymous_1)
FNDA:0,(anonymous_2)
FNDA:0,(anonymous_3)
FNDA:0,(anonymous_4)
FNDA:0,(anonymous_5)
FNDA:0,(anonymous_6)
FNDA:0,(anonymous_7)
FNDA:0,(anonymous_8)
FNDA:0,(anonymous_9)
FNDA:0,(anonymous_10)
FNDA:0,(anonymous_11)
FNDA:0,(anonymous_12)
FNDA:0,(anonymous_13)
FNDA:0,(anonymous_14)
FNDA:0,(anonymous_15)
FNDA:0,(anonymous_16)
FNDA:0,(anonymous_17)
FNDA:0,(anonymous_18)
FNDA:0,(anonymous_19)
FNDA:0,(anonymous_20)
FNDA:0,(anonymous_21)
DA:4,1
DA:7,1
DA:8,1
DA:14,1
DA:30,0
DA:31,0
DA:32,0
DA:70,0
DA:71,0
DA:72,0
DA:73,0
DA:76,0
DA:79,0
DA:80,0
DA:81,0
DA:85,0
DA:88,0
DA:89,0
DA:92,0
DA:93,0
DA:96,0
DA:97,0
DA:100,0
DA:101,0
DA:104,0
DA:107,0
DA:111,0
DA:112,0
DA:113,0
DA:116,0
DA:119,0
DA:120,0
DA:121,0
DA:125,0
DA:126,0
DA:127,0
DA:130,0
DA:133,0
DA:136,0
DA:139,0
DA:140,0
DA:143,0
DA:144,0
DA:147,0
DA:148,0
DA:151,0
DA:152,0
DA:155,0
DA:158,0
DA:160,0
DA:178,0
DA:179,0
DA:180,0
DA:183,0
DA:186,0
DA:187,0
DA:188,0
DA:192,0
DA:195,0
DA:213,0
DA:214,0
DA:215,0
DA:218,0
DA:221,0
DA:222,0
DA:223,0
DA:227,0
DA:230,0
DA:248,0
DA:249,0
DA:250,0
DA:254,0
DA:257,0
DA:272,0
DA:273,0
DA:276,0
DA:277,0
DA:291,0
DA:292,0
DA:307,0
DA:324,0
DA:325,0
DA:326,0
DA:342,0
DA:358,0
DA:359,0
DA:360,0
DA:363,0
DA:364,0
DA:379,0
DA:380,0
DA:381,0
DA:396,0
DA:414,0
DA:415,0
DA:416,0
DA:432,0
DA:447,0
DA:448,0
DA:449,0
DA:452,0
DA:453,0
DA:454,0
DA:455,0
DA:457,0
DA:459,0
DA:460,0
DA:467,0
DA:478,0
DA:479,0
DA:480,0
DA:496,0
DA:511,0
DA:514,0
DA:515,0
DA:516,0
DA:517,0
DA:531,0
DA:532,0
DA:550,0
DA:551,0
DA:552,0
DA:553,0
DA:571,0
DA:584,0
DA:587,0
DA:588,0
DA:589,0
DA:594,0
DA:595,0
DA:596,0
DA:601,0
DA:602,0
DA:603,0
DA:608,0
DA:609,0
DA:610,0
DA:612,0
DA:616,0
DA:617,0
DA:621,0
DA:622,0
DA:628,0
LF:143
LH:4
BRDA:70,0,0,0
BRDA:70,1,0,0
BRDA:70,1,1,0
BRDA:70,1,2,0
BRDA:80,2,0,0
BRDA:116,3,0,0
BRDA:116,3,1,0
BRDA:120,4,0,0
BRDA:126,5,0,0
BRDA:179,6,0,0
BRDA:187,7,0,0
BRDA:214,8,0,0
BRDA:222,9,0,0
BRDA:249,10,0,0
BRDA:272,11,0,0
BRDA:272,11,1,0
BRDA:276,12,0,0
BRDA:276,12,1,0
BRDA:291,13,0,0
BRDA:291,13,1,0
BRDA:324,14,0,0
BRDA:324,14,1,0
BRDA:325,15,0,0
BRDA:358,16,0,0
BRDA:358,16,1,0
BRDA:359,17,0,0
BRDA:359,17,1,0
BRDA:363,18,0,0
BRDA:363,18,1,0
BRDA:380,19,0,0
BRDA:380,19,1,0
BRDA:415,20,0,0
BRDA:415,21,0,0
BRDA:415,21,1,0
BRDA:448,22,0,0
BRDA:448,22,1,0
BRDA:449,23,0,0
BRDA:449,23,1,0
BRDA:459,24,0,0
BRDA:479,25,0,0
BRDA:514,26,0,0
BRDA:514,27,0,0
BRDA:514,27,1,0
BRDA:516,28,0,0
BRDA:516,28,1,0
BRDA:531,29,0,0
BRDA:550,30,0,0
BRDA:550,31,0,0
BRDA:550,31,1,0
BRDA:551,32,0,0
BRDA:551,32,1,0
BRDA:552,33,0,0
BRDA:587,34,0,0
BRDA:587,35,0,0
BRDA:587,35,1,0
BRDA:594,36,0,0
BRDA:601,37,0,0
BRDA:609,38,0,0
BRDA:616,39,0,0
BRDA:621,40,0,0
BRF:60
BRH:0
end_of_record
TN:
SF:src/application/ai/cognitive-feedback/insight-generation-service.ts
FN:93,(anonymous_0)
FNF:1
FNH:1
FNDA:1,(anonymous_0)
DA:93,1
DA:97,1
DA:101,1
DA:105,1
DA:109,1
DA:113,1
DA:117,1
DA:121,1
LF:8
LH:8
BRDA:93,0,0,1
BRDA:93,0,1,1
BRF:2
BRH:2
end_of_record
TN:
SF:src/application/ai/cognitive-feedback/theme-analysis-service-impl.ts
FN:19,(anonymous_0)
FN:54,(anonymous_1)
FN:101,(anonymous_2)
FN:138,(anonymous_3)
FN:151,(anonymous_4)
FN:160,(anonymous_5)
FN:170,(anonymous_6)
FN:188,(anonymous_7)
FN:202,(anonymous_8)
FN:211,(anonymous_9)
FN:214,(anonymous_10)
FN:220,(anonymous_11)
FN:247,(anonymous_12)
FN:251,(anonymous_13)
FN:258,(anonymous_14)
FN:270,(anonymous_15)
FN:276,(anonymous_16)
FN:285,(anonymous_17)
FN:327,(anonymous_18)
FN:329,(anonymous_19)
FN:341,(anonymous_20)
FN:344,(anonymous_21)
FN:345,(anonymous_22)
FN:350,(anonymous_23)
FN:351,(anonymous_24)
FN:355,(anonymous_25)
FN:359,(anonymous_26)
FN:380,(anonymous_27)
FN:385,(anonymous_28)
FN:398,(anonymous_29)
FN:401,(anonymous_30)
FN:409,(anonymous_31)
FN:414,(anonymous_32)
FN:416,(anonymous_33)
FN:429,(anonymous_34)
FN:438,(anonymous_35)
FN:450,(anonymous_36)
FN:460,(anonymous_37)
FN:473,(anonymous_38)
FN:482,(anonymous_39)
FN:484,(anonymous_40)
FN:485,(anonymous_41)
FN:489,(anonymous_42)
FN:490,(anonymous_43)
FN:501,(anonymous_44)
FN:506,(anonymous_45)
FN:526,(anonymous_46)
FN:540,(anonymous_47)
FN:562,(anonymous_48)
FN:577,(anonymous_49)
FN:578,(anonymous_50)
FN:587,(anonymous_51)
FNF:52
FNH:0
FNDA:0,(anonymous_0)
FNDA:0,(anonymous_1)
FNDA:0,(anonymous_2)
FNDA:0,(anonymous_3)
FNDA:0,(anonymous_4)
FNDA:0,(anonymous_5)
FNDA:0,(anonymous_6)
FNDA:0,(anonymous_7)
FNDA:0,(anonymous_8)
FNDA:0,(anonymous_9)
FNDA:0,(anonymous_10)
FNDA:0,(anonymous_11)
FNDA:0,(anonymous_12)
FNDA:0,(anonymous_13)
FNDA:0,(anonymous_14)
FNDA:0,(anonymous_15)
FNDA:0,(anonymous_16)
FNDA:0,(anonymous_17)
FNDA:0,(anonymous_18)
FNDA:0,(anonymous_19)
FNDA:0,(anonymous_20)
FNDA:0,(anonymous_21)
FNDA:0,(anonymous_22)
FNDA:0,(anonymous_23)
FNDA:0,(anonymous_24)
FNDA:0,(anonymous_25)
FNDA:0,(anonymous_26)
FNDA:0,(anonymous_27)
FNDA:0,(anonymous_28)
FNDA:0,(anonymous_29)
FNDA:0,(anonymous_30)
FNDA:0,(anonymous_31)
FNDA:0,(anonymous_32)
FNDA:0,(anonymous_33)
FNDA:0,(anonymous_34)
FNDA:0,(anonymous_35)
FNDA:0,(anonymous_36)
FNDA:0,(anonymous_37)
FNDA:0,(anonymous_38)
FNDA:0,(anonymous_39)
FNDA:0,(anonymous_40)
FNDA:0,(anonymous_41)
FNDA:0,(anonymous_42)
FNDA:0,(anonymous_43)
FNDA:0,(anonymous_44)
FNDA:0,(anonymous_45)
FNDA:0,(anonymous_46)
FNDA:0,(anonymous_47)
FNDA:0,(anonymous_48)
FNDA:0,(anonymous_49)
FNDA:0,(anonymous_50)
FNDA:0,(anonymous_51)
DA:6,1
DA:12,1
DA:22,0
DA:59,0
DA:60,0
DA:63,0
DA:64,0
DA:65,0
DA:68,0
DA:69,0
DA:70,0
DA:73,0
DA:74,0
DA:75,0
DA:79,0
DA:80,0
DA:84,0
DA:87,0
DA:88,0
DA:91,0
DA:92,0
DA:95,0
DA:98,0
DA:101,0
DA:104,0
DA:105,0
DA:109,0
DA:112,0
DA:115,0
DA:118,0
DA:121,0
DA:142,0
DA:145,0
DA:146,0
DA:150,0
DA:151,0
DA:152,0
DA:153,0
DA:154,0
DA:156,0
DA:160,0
DA:162,0
DA:165,0
DA:170,0
DA:175,0
DA:178,0
DA:193,0
DA:196,0
DA:197,0
DA:201,0
DA:202,0
DA:203,0
DA:204,0
DA:205,0
DA:207,0
DA:211,0
DA:213,0
DA:214,0
DA:215,0
DA:216,0
DA:220,0
DA:223,0
DA:226,0
DA:236,0
DA:239,0
DA:248,0
DA:251,0
DA:253,0
DA:254,0
DA:258,0
DA:259,0
DA:262,0
DA:271,0
DA:272,0
DA:276,0
DA:277,0
DA:286,0
DA:287,0
DA:289,0
DA:290,0
DA:292,0
DA:293,0
DA:294,0
DA:297,0
DA:298,0
DA:300,0
DA:301,0
DA:302,0
DA:303,0
DA:308,0
DA:309,0
DA:310,0
DA:314,0
DA:315,0
DA:318,0
DA:329,0
DA:330,0
DA:333,0
DA:343,0
DA:344,0
DA:345,0
DA:349,0
DA:350,0
DA:351,0
DA:355,0
DA:356,0
DA:359,0
DA:360,0
DA:361,0
DA:363,0
DA:381,0
DA:384,0
DA:385,0
DA:386,0
DA:390,0
DA:399,0
DA:401,0
DA:403,0
DA:404,0
DA:408,0
DA:409,0
DA:413,0
DA:414,0
DA:415,0
DA:416,0
DA:418,0
DA:419,0
DA:428,0
DA:429,0
DA:440,0
DA:441,0
DA:451,0
DA:462,0
DA:463,0
DA:474,0
DA:483,0
DA:484,0
DA:485,0
DA:488,0
DA:489,0
DA:490,0
DA:493,0
DA:503,0
DA:506,0
DA:507,0
DA:508,0
DA:512,0
DA:513,0
DA:517,0
DA:528,0
DA:529,0
DA:531,0
DA:541,0
DA:542,0
DA:545,0
DA:547,0
DA:548,0
DA:551,0
DA:553,0
DA:563,0
DA:565,0
DA:566,0
DA:567,0
DA:570,0
DA:571,0
DA:574,0
DA:575,0
DA:576,0
DA:577,0
DA:578,0
DA:581,0
DA:582,0
DA:587,0
DA:588,0
DA:589,0
DA:592,0
DA:594,0
LF:177
LH:2
BRDA:63,0,0,0
BRDA:63,0,1,0
BRDA:63,1,0,0
BRDA:63,1,1,0
BRDA:74,2,0,0
BRDA:104,3,0,0
BRDA:145,4,0,0
BRDA:152,5,0,0
BRDA:152,5,1,0
BRDA:153,6,0,0
BRDA:196,7,0,0
BRDA:203,8,0,0
BRDA:203,8,1,0
BRDA:204,9,0,0
BRDA:253,10,0,0
BRDA:271,11,0,0
BRDA:290,12,0,0
BRDA:298,13,0,0
BRDA:301,14,0,0
BRDA:308,15,0,0
BRDA:359,16,0,0
BRDA:359,16,1,0
BRDA:384,17,0,0
BRDA:403,18,0,0
BRDA:408,19,0,0
BRDA:408,20,0,0
BRDA:408,20,1,0
BRDA:413,21,0,0
BRDA:415,22,0,0
BRDA:418,23,0,0
BRDA:507,24,0,0
BRDA:512,25,0,0
BRDA:512,26,0,0
BRDA:512,26,1,0
BRDA:541,27,0,0
BRDA:547,28,0,0
BRDA:565,29,0,0
BRDA:570,30,0,0
BRDA:574,31,0,0
BRDA:581,32,0,0
BRDA:588,33,0,0
BRF:41
BRH:0
end_of_record
TN:
SF:src/application/ai/cognitive-feedback/blindspot-detection/blindspot-detection-service-impl.ts
FN:18,(anonymous_0)
FN:33,(anonymous_1)
FN:85,(anonymous_2)
FN:101,(anonymous_3)
FN:119,(anonymous_4)
FN:126,(anonymous_5)
FN:150,(anonymous_6)
FN:165,(anonymous_7)
FN:182,(anonymous_8)
FN:191,(anonymous_9)
FN:197,(anonymous_10)
FN:202,(anonymous_11)
FN:227,(anonymous_12)
FN:262,(anonymous_13)
FN:271,(anonymous_14)
FN:273,(anonymous_15)
FN:305,(anonymous_16)
FN:313,(anonymous_17)
FN:315,(anonymous_18)
FN:322,(anonymous_19)
FN:348,(anonymous_20)
FN:359,(anonymous_21)
FN:363,(anonymous_22)
FN:375,(anonymous_23)
FN:382,(anonymous_24)
FN:387,(anonymous_25)
FN:398,(anonymous_26)
FN:402,(anonymous_27)
FN:406,(anonymous_28)
FN:410,(anonymous_29)
FNF:30
FNH:0
FNDA:0,(anonymous_0)
FNDA:0,(anonymous_1)
FNDA:0,(anonymous_2)
FNDA:0,(anonymous_3)
FNDA:0,(anonymous_4)
FNDA:0,(anonymous_5)
FNDA:0,(anonymous_6)
FNDA:0,(anonymous_7)
FNDA:0,(anonymous_8)
FNDA:0,(anonymous_9)
FNDA:0,(anonymous_10)
FNDA:0,(anonymous_11)
FNDA:0,(anonymous_12)
FNDA:0,(anonymous_13)
FNDA:0,(anonymous_14)
FNDA:0,(anonymous_15)
FNDA:0,(anonymous_16)
FNDA:0,(anonymous_17)
FNDA:0,(anonymous_18)
FNDA:0,(anonymous_19)
FNDA:0,(anonymous_20)
FNDA:0,(anonymous_21)
FNDA:0,(anonymous_22)
FNDA:0,(anonymous_23)
FNDA:0,(anonymous_24)
FNDA:0,(anonymous_25)
FNDA:0,(anonymous_26)
FNDA:0,(anonymous_27)
FNDA:0,(anonymous_28)
FNDA:0,(anonymous_29)
DA:1,0
DA:17,0
DA:19,0
DA:20,0
DA:21,0
DA:22,0
DA:23,0
DA:39,0
DA:40,0
DA:43,0
DA:46,0
DA:49,0
DA:52,0
DA:55,0
DA:58,0
DA:61,0
DA:64,0
DA:67,0
DA:76,0
DA:91,0
DA:113,0
DA:115,0
DA:118,0
DA:119,0
DA:120,0
DA:125,0
DA:126,0
DA:127,0
DA:132,0
DA:133,0
DA:136,0
DA:137,0
DA:140,0
DA:156,0
DA:170,0
DA:187,0
DA:190,0
DA:191,0
DA:192,0
DA:193,0
DA:197,0
DA:198,0
DA:202,0
DA:203,0
DA:217,0
DA:232,0
DA:235,0
DA:237,0
DA:238,0
DA:252,0
DA:267,0
DA:270,0
DA:271,0
DA:272,0
DA:273,0
DA:274,0
DA:281,0
DA:282,0
DA:296,0
DA:309,0
DA:312,0
DA:313,0
DA:314,0
DA:315,0
DA:316,0
DA:322,0
DA:323,0
DA:324,0
DA:339,0
DA:349,0
DA:350,0
DA:351,0
DA:360,0
DA:363,0
DA:364,0
DA:367,0
DA:376,0
DA:377,0
DA:381,0
DA:382,0
DA:383,0
DA:386,0
DA:387,0
DA:390,0
DA:399,0
DA:402,0
DA:403,0
DA:406,0
DA:407,0
DA:410,0
DA:411,0
DA:414,0
DA:415,0
DA:418,0
DA:419,0
DA:420,0
DA:423,0
DA:424,0
DA:425,0
DA:429,0
DA:430,0
DA:432,0
LF:102
LH:0
BRDA:118,0,0,0
BRDA:118,1,0,0
BRDA:118,1,1,0
BRDA:125,2,0,0
BRDA:132,3,0,0
BRDA:136,4,0,0
BRDA:208,5,0,0
BRDA:208,5,1,0
BRDA:237,6,0,0
BRDA:272,7,0,0
BRDA:272,8,0,0
BRDA:272,8,1,0
BRDA:281,9,0,0
BRDA:281,10,0,0
BRDA:281,10,1,0
BRDA:314,11,0,0
BRDA:314,12,0,0
BRDA:314,12,1,0
BRDA:316,13,0,0
BRDA:316,13,1,0
BRDA:323,14,0,0
BRDA:349,15,0,0
BRDA:364,16,0,0
BRDA:364,16,1,0
BRDA:376,17,0,0
BRDA:383,18,0,0
BRDA:383,18,1,0
BRDA:411,19,0,0
BRDA:411,19,1,0
BRDA:414,20,0,0
BRDA:418,21,0,0
BRDA:423,22,0,0
BRF:32
BRH:0
end_of_record
TN:
SF:src/application/ai/cognitive-feedback/insight-generation/insight-generation-service-impl.ts
FN:18,(anonymous_0)
FN:33,(anonymous_1)
FN:66,(anonymous_2)
FN:72,(anonymous_3)
FN:79,(anonymous_4)
FN:93,(anonymous_5)
FN:167,(anonymous_6)
FN:216,(anonymous_7)
FN:272,(anonymous_8)
FN:284,(anonymous_9)
FN:302,(anonymous_10)
FN:329,(anonymous_11)
FN:356,(anonymous_12)
FN:371,(anonymous_13)
FN:386,(anonymous_14)
FN:400,(anonymous_15)
FNF:16
FNH:0
FNDA:0,(anonymous_0)
FNDA:0,(anonymous_1)
FNDA:0,(anonymous_2)
FNDA:0,(anonymous_3)
FNDA:0,(anonymous_4)
FNDA:0,(anonymous_5)
FNDA:0,(anonymous_6)
FNDA:0,(anonymous_7)
FNDA:0,(anonymous_8)
FNDA:0,(anonymous_9)
FNDA:0,(anonymous_10)
FNDA:0,(anonymous_11)
FNDA:0,(anonymous_12)
FNDA:0,(anonymous_13)
FNDA:0,(anonymous_14)
FNDA:0,(anonymous_15)
DA:1,0
DA:3,0
DA:17,0
DA:19,0
DA:20,0
DA:21,0
DA:22,0
DA:23,0
DA:38,0
DA:39,0
DA:42,0
DA:43,0
DA:44,0
DA:47,0
DA:48,0
DA:49,0
DA:52,0
DA:53,0
DA:54,0
DA:57,0
DA:58,0
DA:59,0
DA:63,0
DA:64,0
DA:65,0
DA:66,0
DA:70,0
DA:71,0
DA:72,0
DA:77,0
DA:78,0
DA:79,0
DA:83,0
DA:98,0
DA:101,0
DA:102,0
DA:103,0
DA:108,0
DA:109,0
DA:111,0
DA:115,0
DA:117,0
DA:119,0
DA:120,0
DA:138,0
DA:139,0
DA:157,0
DA:172,0
DA:176,0
DA:177,0
DA:179,0
DA:183,0
DA:185,0
DA:186,0
DA:207,0
DA:220,0
DA:223,0
DA:224,0
DA:227,0
DA:228,0
DA:229,0
DA:243,0
DA:244,0
DA:263,0
DA:276,0
DA:279,0
DA:284,0
DA:285,0
DA:302,0
DA:303,0
DA:319,0
DA:342,0
DA:361,0
DA:377,0
DA:391,0
DA:401,0
DA:402,0
DA:403,0
LF:78
LH:0
BRDA:39,0,0,0
BRDA:39,0,1,0
BRDA:42,1,0,0
BRDA:47,2,0,0
BRDA:52,3,0,0
BRDA:57,4,0,0
BRDA:64,5,0,0
BRDA:70,6,0,0
BRDA:77,7,0,0
BRDA:77,8,0,0
BRDA:77,8,1,0
BRDA:102,9,0,0
BRDA:108,10,0,0
BRDA:108,10,1,0
BRDA:119,11,0,0
BRDA:138,12,0,0
BRDA:176,13,0,0
BRDA:176,13,1,0
BRDA:185,14,0,0
BRDA:228,15,0,0
BRDA:228,15,1,0
BRDA:243,16,0,0
BRDA:284,17,0,0
BRDA:302,18,0,0
BRDA:401,19,0,0
BRF:25
BRH:0
end_of_record
TN:
SF:src/application/ai/cognitive-feedback/theme-analysis/theme-analysis-service-impl.ts
FN:17,(anonymous_0)
FN:31,(anonymous_1)
FN:75,(anonymous_2)
FN:97,(anonymous_3)
FN:114,(anonymous_4)
FN:140,(anonymous_5)
FN:165,(anonymous_6)
FN:176,(anonymous_7)
FN:178,(anonymous_8)
FN:186,(anonymous_9)
FN:188,(anonymous_10)
FN:198,(anonymous_11)
FN:199,(anonymous_12)
FN:210,(anonymous_13)
FN:221,(anonymous_14)
FN:223,(anonymous_15)
FN:232,(anonymous_16)
FN:234,(anonymous_17)
FN:250,(anonymous_18)
FN:252,(anonymous_19)
FN:263,(anonymous_20)
FN:264,(anonymous_21)
FN:273,(anonymous_22)
FN:283,(anonymous_23)
FN:297,(anonymous_24)
FNF:25
FNH:0
FNDA:0,(anonymous_0)
FNDA:0,(anonymous_1)
FNDA:0,(anonymous_2)
FNDA:0,(anonymous_3)
FNDA:0,(anonymous_4)
FNDA:0,(anonymous_5)
FNDA:0,(anonymous_6)
FNDA:0,(anonymous_7)
FNDA:0,(anonymous_8)
FNDA:0,(anonymous_9)
FNDA:0,(anonymous_10)
FNDA:0,(anonymous_11)
FNDA:0,(anonymous_12)
FNDA:0,(anonymous_13)
FNDA:0,(anonymous_14)
FNDA:0,(anonymous_15)
FNDA:0,(anonymous_16)
FNDA:0,(anonymous_17)
FNDA:0,(anonymous_18)
FNDA:0,(anonymous_19)
FNDA:0,(anonymous_20)
FNDA:0,(anonymous_21)
FNDA:0,(anonymous_22)
FNDA:0,(anonymous_23)
FNDA:0,(anonymous_24)
DA:1,0
DA:16,0
DA:18,0
DA:19,0
DA:20,0
DA:21,0
DA:37,0
DA:38,0
DA:41,0
DA:44,0
DA:47,0
DA:50,0
DA:53,0
DA:56,0
DA:66,0
DA:81,0
DA:103,0
DA:104,0
DA:120,0
DA:121,0
DA:122,0
DA:126,0
DA:130,0
DA:146,0
DA:147,0
DA:148,0
DA:152,0
DA:156,0
DA:171,0
DA:172,0
DA:175,0
DA:176,0
DA:177,0
DA:178,0
DA:179,0
DA:185,0
DA:186,0
DA:190,0
DA:192,0
DA:193,0
DA:197,0
DA:198,0
DA:199,0
DA:201,0
DA:210,0
DA:213,0
DA:214,0
DA:221,0
DA:223,0
DA:232,0
DA:234,0
DA:239,0
DA:242,0
DA:251,0
DA:252,0
DA:253,0
DA:255,0
DA:264,0
DA:274,0
DA:284,0
DA:287,0
DA:288,0
DA:289,0
DA:290,0
DA:294,0
DA:297,0
DA:298,0
DA:299,0
DA:302,0
LF:69
LH:0
BRDA:121,0,0,0
BRDA:147,1,0,0
BRDA:171,2,0,0
BRDA:171,2,1,0
BRDA:172,3,0,0
BRDA:172,3,1,0
BRDA:177,4,0,0
BRDA:177,5,0,0
BRDA:177,5,1,0
BRDA:179,6,0,0
BRDA:179,6,1,0
BRDA:192,7,0,0
BRDA:198,8,0,0
BRDA:198,8,1,0
BRDA:213,9,0,0
BRDA:287,10,0,0
BRDA:287,10,1,0
BRDA:289,11,0,0
BRDA:298,12,0,0
BRF:19
BRH:0
end_of_record
TN:
SF:src/application/ai/cognitive-parsing/CognitiveParserService.ts
FN:59,(anonymous_0)
FN:70,(anonymous_1)
FN:112,(anonymous_2)
FN:114,(anonymous_3)
FNF:4
FNH:0
FNDA:0,(anonymous_0)
FNDA:0,(anonymous_1)
FNDA:0,(anonymous_2)
FNDA:0,(anonymous_3)
DA:50,1
DA:60,0
DA:61,0
DA:72,0
DA:75,0
DA:94,0
DA:95,0
DA:100,0
DA:114,0
LF:9
LH:1
BRF:0
BRH:0
end_of_record
TN:
SF:src/application/ai/confidence-scoring/ConfidenceScoringService.ts
FN:115,(anonymous_0)
FN:125,(anonymous_1)
FN:150,(anonymous_2)
FN:152,(anonymous_3)
FN:161,(anonymous_4)
FN:172,(anonymous_5)
FN:200,(anonymous_6)
FNF:7
FNH:0
FNDA:0,(anonymous_0)
FNDA:0,(anonymous_1)
FNDA:0,(anonymous_2)
FNDA:0,(anonymous_3)
FNDA:0,(anonymous_4)
FNDA:0,(anonymous_5)
FNDA:0,(anonymous_6)
DA:106,0
DA:116,0
DA:117,0
DA:126,0
DA:129,0
DA:132,0
DA:135,0
DA:137,0
DA:152,0
DA:162,0
DA:178,0
DA:191,0
DA:205,0
DA:214,0
DA:220,0
DA:223,0
DA:224,0
DA:225,0
DA:226,0
DA:227,0
DA:229,0
LF:21
LH:0
BRDA:126,0,0,0
BRDA:161,1,0,0
BRDA:175,2,0,0
BRF:3
BRH:0
end_of_record
TN:
SF:src/application/ai/embedding/EmbeddingError.ts
FN:13,(anonymous_0)
FN:28,(anonymous_1)
FN:43,(anonymous_2)
FN:58,(anonymous_3)
FNF:4
FNH:0
FNDA:0,(anonymous_0)
FNDA:0,(anonymous_1)
FNDA:0,(anonymous_2)
FNDA:0,(anonymous_3)
DA:1,3
DA:6,3
DA:14,0
DA:15,0
DA:22,3
DA:29,0
DA:30,0
DA:37,3
DA:44,0
DA:45,0
DA:52,3
DA:59,0
DA:60,0
LF:13
LH:5
BRF:0
BRH:0
end_of_record
TN:
SF:src/application/ai/model-evolution/ModelUpdateService.ts
FN:152,(anonymous_0)
FN:169,(anonymous_1)
FN:206,(anonymous_2)
FN:225,(anonymous_3)
FNF:4
FNH:0
FNDA:0,(anonymous_0)
FNDA:0,(anonymous_1)
FNDA:0,(anonymous_2)
FNDA:0,(anonymous_3)
DA:139,0
DA:158,0
DA:159,0
DA:160,0
DA:161,0
DA:179,0
DA:187,0
DA:208,0
DA:211,0
DA:232,0
LF:10
LH:0
BRDA:172,0,0,0
BRDA:173,1,0,0
BRDA:174,2,0,0
BRDA:175,3,0,0
BRDA:176,4,0,0
BRDA:177,5,0,0
BRF:6
BRH:0
end_of_record
TN:
SF:src/application/ai/model-evolution/model-snapshot-service-impl.ts
FN:52,(anonymous_0)
FN:71,(anonymous_1)
FN:116,(anonymous_2)
FN:131,(anonymous_3)
FN:146,(anonymous_4)
FN:161,(anonymous_5)
FN:229,(anonymous_6)
FN:243,(anonymous_7)
FN:261,(anonymous_8)
FN:262,(anonymous_9)
FN:263,(anonymous_10)
FN:266,(anonymous_11)
FN:269,(anonymous_12)
FN:273,(anonymous_13)
FN:274,(anonymous_14)
FN:284,(anonymous_15)
FN:295,(anonymous_16)
FN:296,(anonymous_17)
FN:297,(anonymous_18)
FN:300,(anonymous_19)
FN:303,(anonymous_20)
FN:307,(anonymous_21)
FN:308,(anonymous_22)
FN:318,(anonymous_23)
FN:329,(anonymous_24)
FNF:25
FNH:0
FNDA:0,(anonymous_0)
FNDA:0,(anonymous_1)
FNDA:0,(anonymous_2)
FNDA:0,(anonymous_3)
FNDA:0,(anonymous_4)
FNDA:0,(anonymous_5)
FNDA:0,(anonymous_6)
FNDA:0,(anonymous_7)
FNDA:0,(anonymous_8)
FNDA:0,(anonymous_9)
FNDA:0,(anonymous_10)
FNDA:0,(anonymous_11)
FNDA:0,(anonymous_12)
FNDA:0,(anonymous_13)
FNDA:0,(anonymous_14)
FNDA:0,(anonymous_15)
FNDA:0,(anonymous_16)
FNDA:0,(anonymous_17)
FNDA:0,(anonymous_18)
FNDA:0,(anonymous_19)
FNDA:0,(anonymous_20)
FNDA:0,(anonymous_21)
FNDA:0,(anonymous_22)
FNDA:0,(anonymous_23)
FNDA:0,(anonymous_24)
DA:1,0
DA:4,0
DA:39,0
DA:58,0
DA:59,0
DA:60,0
DA:61,0
DA:72,0
DA:74,0
DA:77,0
DA:80,0
DA:101,0
DA:103,0
DA:105,0
DA:106,0
DA:117,0
DA:118,0
DA:120,0
DA:121,0
DA:132,0
DA:133,0
DA:135,0
DA:136,0
DA:147,0
DA:148,0
DA:150,0
DA:151,0
DA:162,0
DA:164,0
DA:165,0
DA:167,0
DA:168,0
DA:171,0
DA:172,0
DA:176,0
DA:179,0
DA:180,0
DA:183,0
DA:200,0
DA:216,0
DA:218,0
DA:219,0
DA:230,0
DA:231,0
DA:233,0
DA:234,0
DA:245,0
DA:246,0
DA:247,0
DA:248,0
DA:249,0
DA:250,0
DA:252,0
DA:262,0
DA:263,0
DA:266,0
DA:269,0
DA:272,0
DA:273,0
DA:275,0
DA:276,0
DA:277,0
DA:284,0
DA:286,0
DA:296,0
DA:297,0
DA:300,0
DA:303,0
DA:306,0
DA:307,0
DA:309,0
DA:310,0
DA:311,0
DA:318,0
DA:320,0
DA:330,0
DA:333,0
DA:334,0
DA:335,0
DA:336,0
DA:339,0
DA:340,0
DA:345,0
LF:83
LH:0
BRDA:96,0,0,0
BRDA:96,0,1,0
BRDA:180,1,0,0
BRDA:180,1,1,0
BRDA:334,2,0,0
BRDA:339,3,0,0
BRF:6
BRH:0
end_of_record
TN:
SF:src/application/ai/model-evolution/model-update-service-impl.ts
FN:22,(anonymous_0)
FN:39,(anonymous_1)
FN:129,(anonymous_2)
FN:158,(anonymous_3)
FN:195,(anonymous_4)
FN:205,(anonymous_5)
FN:215,(anonymous_6)
FN:225,(anonymous_7)
FN:235,(anonymous_8)
FN:236,(anonymous_9)
FN:237,(anonymous_10)
FN:238,(anonymous_11)
FN:267,(anonymous_12)
FN:275,(anonymous_13)
FN:284,(anonymous_14)
FNF:15
FNH:0
FNDA:0,(anonymous_0)
FNDA:0,(anonymous_1)
FNDA:0,(anonymous_2)
FNDA:0,(anonymous_3)
FNDA:0,(anonymous_4)
FNDA:0,(anonymous_5)
FNDA:0,(anonymous_6)
FNDA:0,(anonymous_7)
FNDA:0,(anonymous_8)
FNDA:0,(anonymous_9)
FNDA:0,(anonymous_10)
FNDA:0,(anonymous_11)
FNDA:0,(anonymous_12)
FNDA:0,(anonymous_13)
FNDA:0,(anonymous_14)
DA:7,0
DA:8,0
DA:10,0
DA:27,0
DA:28,0
DA:29,0
DA:31,0
DA:40,0
DA:42,0
DA:43,0
DA:44,0
DA:48,0
DA:49,0
DA:50,0
DA:54,0
DA:55,0
DA:56,0
DA:60,0
DA:63,0
DA:64,0
DA:65,0
DA:69,0
DA:70,0
DA:73,0
DA:76,0
DA:95,0
DA:98,0
DA:106,0
DA:130,0
DA:131,0
DA:132,0
DA:134,0
DA:135,0
DA:136,0
DA:137,0
DA:138,0
DA:140,0
DA:144,0
DA:159,0
DA:160,0
DA:163,0
DA:164,0
DA:166,0
DA:167,0
DA:169,0
DA:170,0
DA:172,0
DA:173,0
DA:175,0
DA:176,0
DA:178,0
DA:179,0
DA:183,0
DA:184,0
DA:185,0
DA:188,0
DA:189,0
DA:193,0
DA:194,0
DA:195,0
DA:196,0
DA:197,0
DA:203,0
DA:204,0
DA:205,0
DA:206,0
DA:207,0
DA:213,0
DA:214,0
DA:215,0
DA:216,0
DA:217,0
DA:223,0
DA:224,0
DA:225,0
DA:226,0
DA:227,0
DA:233,0
DA:234,0
DA:235,0
DA:236,0
DA:237,0
DA:238,0
DA:240,0
DA:241,0
DA:243,0
DA:244,0
DA:251,0
DA:252,0
DA:255,0
DA:268,0
DA:276,0
DA:287,0
LF:93
LH:0
BRDA:43,0,0,0
BRDA:49,1,0,0
BRDA:55,2,0,0
BRDA:64,3,0,0
BRDA:84,4,0,0
BRDA:84,4,1,0
BRDA:85,5,0,0
BRDA:85,5,1,0
BRDA:86,6,0,0
BRDA:86,6,1,0
BRDA:87,7,0,0
BRDA:87,7,1,0
BRDA:88,8,0,0
BRDA:88,8,1,0
BRDA:89,9,0,0
BRDA:89,9,1,0
BRDA:119,10,0,0
BRDA:119,10,1,0
BRDA:137,11,0,0
BRDA:137,11,1,0
BRDA:163,12,0,0
BRDA:166,13,0,0
BRDA:169,14,0,0
BRDA:172,15,0,0
BRDA:175,16,0,0
BRDA:178,17,0,0
BRDA:178,18,0,0
BRDA:178,18,1,0
BRDA:184,19,0,0
BRDA:184,19,1,0
BRDA:188,20,0,0
BRDA:193,21,0,0
BRDA:196,22,0,0
BRDA:203,23,0,0
BRDA:206,24,0,0
BRDA:213,25,0,0
BRDA:216,26,0,0
BRDA:223,27,0,0
BRDA:226,28,0,0
BRDA:233,29,0,0
BRDA:235,30,0,0
BRDA:235,30,1,0
BRDA:235,30,2,0
BRDA:237,31,0,0
BRDA:237,31,1,0
BRDA:237,31,2,0
BRDA:240,32,0,0
BRDA:243,33,0,0
BRDA:251,34,0,0
BRF:49
BRH:0
end_of_record
TN:
SF:src/application/ai/model-evolution/model-update-service.ts
FN:171,(anonymous_0)
FN:189,(anonymous_1)
FN:441,(anonymous_2)
FNF:3
FNH:0
FNDA:0,(anonymous_0)
FNDA:0,(anonymous_1)
FNDA:0,(anonymous_2)
DA:171,0
DA:175,0
DA:179,0
DA:183,0
DA:189,0
DA:193,0
DA:197,0
DA:201,0
DA:441,0
DA:445,0
DA:449,0
DA:453,0
DA:457,0
DA:461,0
DA:465,0
LF:15
LH:0
BRDA:171,0,0,0
BRDA:171,0,1,0
BRDA:189,1,0,0
BRDA:189,1,1,0
BRDA:441,2,0,0
BRDA:441,2,1,0
BRF:6
BRH:0
end_of_record
TN:
SF:src/application/ai/model-evolution/update-history-service-impl.ts
FN:22,(anonymous_0)
FN:35,(anonymous_1)
FN:66,(anonymous_2)
FN:85,(anonymous_3)
FN:107,(anonymous_4)
FN:151,(anonymous_5)
FNF:6
FNH:0
FNDA:0,(anonymous_0)
FNDA:0,(anonymous_1)
FNDA:0,(anonymous_2)
FNDA:0,(anonymous_3)
FNDA:0,(anonymous_4)
FNDA:0,(anonymous_5)
DA:10,0
DA:13,0
DA:26,0
DA:27,0
DA:36,0
DA:38,0
DA:39,0
DA:40,0
DA:44,0
DA:53,0
DA:55,0
DA:56,0
DA:67,0
DA:72,0
DA:74,0
DA:75,0
DA:86,0
DA:88,0
DA:89,0
DA:90,0
DA:94,0
DA:96,0
DA:97,0
DA:108,0
DA:110,0
DA:111,0
DA:114,0
DA:115,0
DA:118,0
DA:120,0
DA:121,0
DA:125,0
DA:126,0
DA:130,0
DA:131,0
DA:132,0
DA:139,0
DA:141,0
DA:142,0
DA:154,0
LF:40
LH:0
BRDA:39,0,0,0
BRDA:89,1,0,0
BRDA:120,2,0,0
BRDA:120,3,0,0
BRDA:120,3,1,0
BRDA:125,4,0,0
BRDA:125,5,0,0
BRDA:125,5,1,0
BRDA:130,6,0,0
BRDA:154,7,0,0
BRDA:154,7,1,0
BRF:11
BRH:0
end_of_record
TN:
SF:src/application/ai/model-evolution/version-comparison-service-impl.ts
FN:24,(anonymous_0)
FN:39,(anonymous_1)
FN:97,(anonymous_2)
FN:115,(anonymous_3)
FN:133,(anonymous_4)
FN:169,(anonymous_5)
FN:177,(anonymous_6)
FN:178,(anonymous_7)
FN:211,(anonymous_8)
FN:219,(anonymous_9)
FN:220,(anonymous_10)
FN:253,(anonymous_11)
FN:277,(anonymous_12)
FN:300,(anonymous_13)
FN:316,(anonymous_14)
FNF:15
FNH:0
FNDA:0,(anonymous_0)
FNDA:0,(anonymous_1)
FNDA:0,(anonymous_2)
FNDA:0,(anonymous_3)
FNDA:0,(anonymous_4)
FNDA:0,(anonymous_5)
FNDA:0,(anonymous_6)
FNDA:0,(anonymous_7)
FNDA:0,(anonymous_8)
FNDA:0,(anonymous_9)
FNDA:0,(anonymous_10)
FNDA:0,(anonymous_11)
FNDA:0,(anonymous_12)
FNDA:0,(anonymous_13)
FNDA:0,(anonymous_14)
DA:9,0
DA:15,0
DA:28,0
DA:29,0
DA:41,0
DA:42,0
DA:44,0
DA:45,0
DA:49,0
DA:52,0
DA:56,0
DA:60,0
DA:63,0
DA:67,0
DA:69,0
DA:73,0
DA:98,0
DA:99,0
DA:101,0
DA:102,0
DA:105,0
DA:116,0
DA:117,0
DA:119,0
DA:120,0
DA:123,0
DA:134,0
DA:137,0
DA:145,0
DA:148,0
DA:150,0
DA:170,0
DA:177,0
DA:178,0
DA:181,0
DA:182,0
DA:183,0
DA:185,0
DA:186,0
DA:188,0
DA:196,0
DA:197,0
DA:198,0
DA:202,0
DA:212,0
DA:219,0
DA:220,0
DA:223,0
DA:224,0
DA:225,0
DA:227,0
DA:228,0
DA:230,0
DA:238,0
DA:239,0
DA:240,0
DA:244,0
DA:254,0
DA:278,0
DA:301,0
DA:308,0
DA:317,0
DA:319,0
DA:320,0
DA:323,0
DA:324,0
DA:327,0
DA:328,0
DA:331,0
DA:332,0
DA:335,0
DA:336,0
DA:339,0
DA:340,0
DA:343,0
LF:75
LH:0
BRDA:44,0,0,0
BRDA:44,1,0,0
BRDA:44,1,1,0
BRDA:69,2,0,0
BRDA:69,2,1,0
BRDA:101,3,0,0
BRDA:101,4,0,0
BRDA:101,4,1,0
BRDA:119,5,0,0
BRDA:119,6,0,0
BRDA:119,6,1,0
BRDA:183,7,0,0
BRDA:183,7,1,0
BRDA:186,8,0,0
BRDA:197,9,0,0
BRDA:225,10,0,0
BRDA:225,10,1,0
BRDA:228,11,0,0
BRDA:239,12,0,0
BRDA:319,13,0,0
BRDA:323,14,0,0
BRDA:327,15,0,0
BRDA:331,16,0,0
BRDA:335,17,0,0
BRDA:339,18,0,0
BRF:25
BRH:0
end_of_record
TN:
SF:src/application/ai/model-evolution/analysis/evolution-analysis-service-impl.ts
FN:28,(anonymous_0)
FN:46,(anonymous_1)
FN:99,(anonymous_2)
FN:110,(anonymous_3)
FN:154,(anonymous_4)
FN:165,(anonymous_5)
FN:207,(anonymous_6)
FN:264,(anonymous_7)
FN:315,(anonymous_8)
FN:363,(anonymous_9)
FN:368,(anonymous_10)
FN:399,(anonymous_11)
FN:411,(anonymous_12)
FN:423,(anonymous_13)
FN:433,(anonymous_14)
FN:444,(anonymous_15)
FN:454,(anonymous_16)
FN:463,(anonymous_17)
FN:473,(anonymous_18)
FN:502,(anonymous_19)
FN:529,(anonymous_20)
FN:559,(anonymous_21)
FNF:22
FNH:0
FNDA:0,(anonymous_0)
FNDA:0,(anonymous_1)
FNDA:0,(anonymous_2)
FNDA:0,(anonymous_3)
FNDA:0,(anonymous_4)
FNDA:0,(anonymous_5)
FNDA:0,(anonymous_6)
FNDA:0,(anonymous_7)
FNDA:0,(anonymous_8)
FNDA:0,(anonymous_9)
FNDA:0,(anonymous_10)
FNDA:0,(anonymous_11)
FNDA:0,(anonymous_12)
FNDA:0,(anonymous_13)
FNDA:0,(anonymous_14)
FNDA:0,(anonymous_15)
FNDA:0,(anonymous_16)
FNDA:0,(anonymous_17)
FNDA:0,(anonymous_18)
FNDA:0,(anonymous_19)
FNDA:0,(anonymous_20)
FNDA:0,(anonymous_21)
DA:4,0
DA:10,0
DA:15,0
DA:34,0
DA:35,0
DA:36,0
DA:37,0
DA:47,0
DA:48,0
DA:49,0
DA:52,0
DA:57,0
DA:62,0
DA:65,0
DA:68,0
DA:71,0
DA:74,0
DA:89,0
DA:100,0
DA:101,0
DA:102,0
DA:105,0
DA:110,0
DA:111,0
DA:116,0
DA:119,0
DA:122,0
DA:125,0
DA:128,0
DA:144,0
DA:155,0
DA:156,0
DA:157,0
DA:160,0
DA:165,0
DA:166,0
DA:170,0
DA:173,0
DA:176,0
DA:179,0
DA:182,0
DA:198,0
DA:208,0
DA:209,0
DA:210,0
DA:213,0
DA:218,0
DA:221,0
DA:224,0
DA:227,0
DA:230,0
DA:233,0
DA:236,0
DA:239,0
DA:254,0
DA:265,0
DA:266,0
DA:269,0
DA:274,0
DA:277,0
DA:280,0
DA:281,0
DA:282,0
DA:283,0
DA:284,0
DA:288,0
DA:291,0
DA:306,0
DA:316,0
DA:317,0
DA:318,0
DA:321,0
DA:326,0
DA:329,0
DA:332,0
DA:335,0
DA:338,0
DA:354,0
DA:365,0
DA:368,0
DA:369,0
DA:372,0
DA:375,0
DA:387,0
DA:400,0
DA:412,0
DA:424,0
DA:434,0
DA:445,0
DA:455,0
DA:464,0
DA:474,0
DA:476,0
DA:477,0
DA:478,0
DA:479,0
DA:480,0
DA:481,0
DA:484,0
DA:485,0
DA:488,0
DA:489,0
DA:492,0
DA:503,0
DA:505,0
DA:506,0
DA:509,0
DA:510,0
DA:513,0
DA:514,0
DA:517,0
DA:518,0
DA:521,0
DA:530,0
DA:531,0
DA:533,0
DA:534,0
DA:535,0
DA:538,0
DA:539,0
DA:540,0
DA:543,0
DA:544,0
DA:545,0
DA:548,0
DA:560,0
DA:561,0
DA:564,0
DA:565,0
DA:566,0
DA:567,0
DA:569,0
DA:570,0
DA:571,0
DA:572,0
DA:573,0
DA:574,0
DA:575,0
DA:576,0
DA:578,0
LF:140
LH:0
BRDA:49,0,0,0
BRDA:49,0,1,0
BRDA:102,1,0,0
BRDA:102,1,1,0
BRDA:111,2,0,0
BRDA:111,2,1,0
BRDA:157,3,0,0
BRDA:157,3,1,0
BRDA:210,4,0,0
BRDA:210,4,1,0
BRDA:281,5,0,0
BRDA:281,5,1,0
BRDA:283,6,0,0
BRDA:296,7,0,0
BRDA:296,7,1,0
BRDA:318,8,0,0
BRDA:318,8,1,0
BRDA:346,9,0,0
BRDA:346,9,1,0
BRDA:400,10,0,0
BRDA:400,10,1,0
BRDA:412,11,0,0
BRDA:412,11,1,0
BRDA:424,12,0,0
BRDA:424,12,1,0
BRDA:434,13,0,0
BRDA:434,13,1,0
BRDA:434,14,0,0
BRDA:434,14,1,0
BRDA:455,15,0,0
BRDA:455,15,1,0
BRDA:476,16,0,0
BRDA:476,16,1,0
BRDA:478,17,0,0
BRDA:478,17,1,0
BRDA:480,18,0,0
BRDA:484,19,0,0
BRDA:488,20,0,0
BRDA:505,21,0,0
BRDA:509,22,0,0
BRDA:513,23,0,0
BRDA:517,24,0,0
BRDA:533,25,0,0
BRDA:538,26,0,0
BRDA:543,27,0,0
BRDA:560,28,0,0
BRDA:569,29,0,0
BRDA:569,29,1,0
BRDA:571,30,0,0
BRDA:571,30,1,0
BRDA:573,31,0,0
BRDA:573,31,1,0
BRDA:575,32,0,0
BRDA:575,32,1,0
BRF:54
BRH:0
end_of_record
TN:
SF:src/application/ai/model-evolution/data-analysis/data-analysis-service-impl.ts
FN:29,(anonymous_0)
FN:54,(anonymous_1)
FN:60,(anonymous_2)
FN:65,(anonymous_3)
FN:81,(anonymous_4)
FN:130,(anonymous_5)
FN:178,(anonymous_6)
FN:182,(anonymous_7)
FN:200,(anonymous_8)
FN:207,(anonymous_9)
FN:209,(anonymous_10)
FN:212,(anonymous_11)
FN:215,(anonymous_12)
FN:232,(anonymous_13)
FN:236,(anonymous_14)
FN:249,(anonymous_15)
FN:255,(anonymous_16)
FN:267,(anonymous_17)
FN:280,(anonymous_18)
FN:293,(anonymous_19)
FN:306,(anonymous_20)
FN:319,(anonymous_21)
FN:332,(anonymous_22)
FN:351,(anonymous_23)
FN:359,(anonymous_24)
FN:364,(anonymous_25)
FN:376,(anonymous_26)
FN:387,(anonymous_27)
FNF:28
FNH:0
FNDA:0,(anonymous_0)
FNDA:0,(anonymous_1)
FNDA:0,(anonymous_2)
FNDA:0,(anonymous_3)
FNDA:0,(anonymous_4)
FNDA:0,(anonymous_5)
FNDA:0,(anonymous_6)
FNDA:0,(anonymous_7)
FNDA:0,(anonymous_8)
FNDA:0,(anonymous_9)
FNDA:0,(anonymous_10)
FNDA:0,(anonymous_11)
FNDA:0,(anonymous_12)
FNDA:0,(anonymous_13)
FNDA:0,(anonymous_14)
FNDA:0,(anonymous_15)
FNDA:0,(anonymous_16)
FNDA:0,(anonymous_17)
FNDA:0,(anonymous_18)
FNDA:0,(anonymous_19)
FNDA:0,(anonymous_20)
FNDA:0,(anonymous_21)
FNDA:0,(anonymous_22)
FNDA:0,(anonymous_23)
FNDA:0,(anonymous_24)
FNDA:0,(anonymous_25)
FNDA:0,(anonymous_26)
FNDA:0,(anonymous_27)
DA:22,0
DA:33,0
DA:34,0
DA:35,0
DA:36,0
DA:37,0
DA:39,0
DA:56,0
DA:57,0
DA:59,0
DA:61,0
DA:62,0
DA:63,0
DA:65,0
DA:83,0
DA:86,0
DA:87,0
DA:88,0
DA:89,0
DA:90,0
DA:93,0
DA:94,0
DA:95,0
DA:96,0
DA:97,0
DA:100,0
DA:101,0
DA:102,0
DA:103,0
DA:104,0
DA:107,0
DA:108,0
DA:110,0
DA:131,0
DA:134,0
DA:135,0
DA:136,0
DA:137,0
DA:138,0
DA:142,0
DA:143,0
DA:144,0
DA:148,0
DA:149,0
DA:150,0
DA:154,0
DA:155,0
DA:156,0
DA:160,0
DA:161,0
DA:165,0
DA:166,0
DA:169,0
DA:181,0
DA:182,0
DA:183,0
DA:184,0
DA:186,0
DA:203,0
DA:204,0
DA:205,0
DA:207,0
DA:208,0
DA:209,0
DA:211,0
DA:212,0
DA:214,0
DA:215,0
DA:219,0
DA:234,0
DA:236,0
DA:237,0
DA:238,0
DA:241,0
DA:251,0
DA:252,0
DA:255,0
DA:256,0
DA:269,0
DA:282,0
DA:295,0
DA:308,0
DA:321,0
DA:333,0
DA:334,0
DA:337,0
DA:338,0
DA:339,0
DA:340,0
DA:341,0
DA:342,0
DA:343,0
DA:347,0
DA:348,0
DA:351,0
DA:360,0
DA:361,0
DA:364,0
DA:365,0
DA:366,0
DA:368,0
DA:377,0
DA:378,0
DA:382,0
DA:383,0
DA:384,0
DA:387,0
DA:388,0
DA:391,0
DA:394,0
LF:110
LH:0
BRDA:56,0,0,0
BRDA:56,0,1,0
BRDA:57,1,0,0
BRDA:57,1,1,0
BRDA:62,2,0,0
BRDA:62,2,1,0
BRDA:63,3,0,0
BRDA:63,3,1,0
BRDA:66,4,0,0
BRDA:66,4,1,0
BRDA:71,5,0,0
BRDA:71,5,1,0
BRDA:83,6,0,0
BRDA:83,6,1,0
BRDA:93,7,0,0
BRDA:93,7,1,0
BRDA:94,8,0,0
BRDA:94,8,1,0
BRDA:95,9,0,0
BRDA:95,9,1,0
BRDA:96,10,0,0
BRDA:96,10,1,0
BRDA:97,11,0,0
BRDA:97,11,1,0
BRDA:107,12,0,0
BRDA:107,12,1,0
BRDA:135,13,0,0
BRDA:135,13,1,0
BRDA:137,14,0,0
BRDA:143,15,0,0
BRDA:149,16,0,0
BRDA:154,17,0,0
BRDA:154,17,1,0
BRDA:155,18,0,0
BRDA:160,19,0,0
BRDA:165,20,0,0
BRDA:182,21,0,0
BRDA:182,21,1,0
BRDA:208,22,0,0
BRDA:211,23,0,0
BRDA:214,24,0,0
BRDA:238,25,0,0
BRDA:238,25,1,0
BRDA:251,26,0,0
BRDA:256,27,0,0
BRDA:256,27,1,0
BRDA:256,28,0,0
BRDA:256,28,1,0
BRDA:256,29,0,0
BRDA:256,29,1,0
BRDA:333,30,0,0
BRDA:341,31,0,0
BRDA:347,32,0,0
BRDA:360,33,0,0
BRDA:377,34,0,0
BRDA:383,35,0,0
BRDA:388,36,0,0
BRDA:388,36,1,0
BRDA:389,37,0,0
BRDA:389,37,1,0
BRDA:390,38,0,0
BRDA:390,38,1,0
BRF:62
BRH:0
end_of_record
TN:
SF:src/application/ai/model-evolution/evolution-analysis/evolution-analysis-service-impl.ts
FN:44,(anonymous_1)
FN:96,(anonymous_2)
FN:106,(anonymous_3)
FN:150,(anonymous_4)
FN:160,(anonymous_5)
FN:202,(anonymous_6)
FN:252,(anonymous_7)
FN:301,(anonymous_8)
FN:356,(anonymous_9)
FN:392,(anonymous_10)
FN:423,(anonymous_11)
FN:426,(anonymous_12)
FN:427,(anonymous_13)
FN:441,(anonymous_14)
FN:464,(anonymous_15)
FN:472,(anonymous_16)
FN:486,(anonymous_17)
FN:498,(anonymous_18)
FN:502,(anonymous_19)
FN:502,(anonymous_20)
FN:513,(anonymous_21)
FN:515,(anonymous_22)
FN:527,(anonymous_23)
FN:539,(anonymous_24)
FN:549,(anonymous_25)
FN:563,(anonymous_26)
FN:565,(anonymous_27)
FN:577,(anonymous_28)
FN:589,(anonymous_29)
FN:599,(anonymous_30)
FN:611,(anonymous_31)
FN:623,(anonymous_32)
FN:646,(anonymous_33)
FN:665,(anonymous_34)
FN:675,(anonymous_35)
FN:678,(anonymous_36)
FN:679,(anonymous_37)
FN:690,(anonymous_38)
FN:705,(anonymous_39)
FN:723,(anonymous_40)
FN:735,(anonymous_41)
FN:753,(anonymous_42)
FN:772,(anonymous_43)
FN:788,(anonymous_44)
FN:800,(anonymous_45)
FN:810,(anonymous_46)
FN:820,(anonymous_47)
FN:834,(anonymous_48)
FN:848,(anonymous_49)
FN:855,(anonymous_50)
FN:865,(anonymous_51)
FN:875,(anonymous_52)
FN:901,(anonymous_53)
FN:940,(anonymous_54)
FN:975,(anonymous_55)
FN:990,(anonymous_56)
FN:1005,(anonymous_57)
FN:1020,(anonymous_58)
FN:1035,(anonymous_59)
FNF:59
FNH:0
FNDA:0,(anonymous_1)
FNDA:0,(anonymous_2)
FNDA:0,(anonymous_3)
FNDA:0,(anonymous_4)
FNDA:0,(anonymous_5)
FNDA:0,(anonymous_6)
FNDA:0,(anonymous_7)
FNDA:0,(anonymous_8)
FNDA:0,(anonymous_9)
FNDA:0,(anonymous_10)
FNDA:0,(anonymous_11)
FNDA:0,(anonymous_12)
FNDA:0,(anonymous_13)
FNDA:0,(anonymous_14)
FNDA:0,(anonymous_15)
FNDA:0,(anonymous_16)
FNDA:0,(anonymous_17)
FNDA:0,(anonymous_18)
FNDA:0,(anonymous_19)
FNDA:0,(anonymous_20)
FNDA:0,(anonymous_21)
FNDA:0,(anonymous_22)
FNDA:0,(anonymous_23)
FNDA:0,(anonymous_24)
FNDA:0,(anonymous_25)
FNDA:0,(anonymous_26)
FNDA:0,(anonymous_27)
FNDA:0,(anonymous_28)
FNDA:0,(anonymous_29)
FNDA:0,(anonymous_30)
FNDA:0,(anonymous_31)
FNDA:0,(anonymous_32)
FNDA:0,(anonymous_33)
FNDA:0,(anonymous_34)
FNDA:0,(anonymous_35)
FNDA:0,(anonymous_36)
FNDA:0,(anonymous_37)
FNDA:0,(anonymous_38)
FNDA:0,(anonymous_39)
FNDA:0,(anonymous_40)
FNDA:0,(anonymous_41)
FNDA:0,(anonymous_42)
FNDA:0,(anonymous_43)
FNDA:0,(anonymous_44)
FNDA:0,(anonymous_45)
FNDA:0,(anonymous_46)
FNDA:0,(anonymous_47)
FNDA:0,(anonymous_48)
FNDA:0,(anonymous_49)
FNDA:0,(anonymous_50)
FNDA:0,(anonymous_51)
FNDA:0,(anonymous_52)
FNDA:0,(anonymous_53)
FNDA:0,(anonymous_54)
FNDA:0,(anonymous_55)
FNDA:0,(anonymous_56)
FNDA:0,(anonymous_57)
FNDA:0,(anonymous_58)
FNDA:0,(anonymous_59)
DA:1,0
DA:5,0
DA:30,0
DA:32,0
DA:33,0
DA:34,0
DA:35,0
DA:45,0
DA:46,0
DA:49,0
DA:54,0
DA:59,0
DA:62,0
DA:65,0
DA:68,0
DA:71,0
DA:86,0
DA:97,0
DA:98,0
DA:101,0
DA:106,0
DA:107,0
DA:112,0
DA:115,0
DA:118,0
DA:121,0
DA:140,0
DA:151,0
DA:152,0
DA:155,0
DA:160,0
DA:161,0
DA:165,0
DA:168,0
DA:171,0
DA:174,0
DA:193,0
DA:203,0
DA:204,0
DA:207,0
DA:212,0
DA:215,0
DA:218,0
DA:221,0
DA:224,0
DA:242,0
DA:254,0
DA:255,0
DA:256,0
DA:260,0
DA:265,0
DA:268,0
DA:271,0
DA:274,0
DA:292,0
DA:302,0
DA:303,0
DA:304,0
DA:307,0
DA:312,0
DA:317,0
DA:320,0
DA:323,0
DA:326,0
DA:329,0
DA:347,0
DA:358,0
DA:361,0
DA:364,0
DA:367,0
DA:379,0
DA:394,0
DA:425,0
DA:426,0
DA:427,0
DA:443,0
DA:444,0
DA:445,0
DA:446,0
DA:447,0
DA:449,0
DA:466,0
DA:468,0
DA:469,0
DA:472,0
DA:473,0
DA:476,0
DA:488,0
DA:490,0
DA:500,0
DA:502,0
DA:515,0
DA:529,0
DA:541,0
DA:551,0
DA:565,0
DA:579,0
DA:591,0
DA:601,0
DA:611,0
DA:612,0
DA:615,0
DA:625,0
DA:648,0
DA:650,0
DA:651,0
DA:652,0
DA:653,0
DA:656,0
DA:667,0
DA:677,0
DA:678,0
DA:679,0
DA:692,0
DA:707,0
DA:709,0
DA:710,0
DA:713,0
DA:725,0
DA:737,0
DA:755,0
DA:774,0
DA:790,0
DA:802,0
DA:812,0
DA:822,0
DA:836,0
DA:847,0
DA:848,0
DA:857,0
DA:867,0
DA:878,0
DA:903,0
DA:934,0
DA:942,0
DA:975,0
DA:992,0
DA:1007,0
DA:1022,0
DA:1037,0
LF:140
LH:0
BRDA:46,0,0,0
BRDA:46,0,1,0
BRDA:98,1,0,0
BRDA:98,1,1,0
BRDA:107,2,0,0
BRDA:107,2,1,0
BRDA:107,2,2,0
BRDA:152,3,0,0
BRDA:152,3,1,0
BRDA:204,4,0,0
BRDA:204,4,1,0
BRDA:255,5,0,0
BRDA:304,6,0,0
BRDA:304,6,1,0
BRDA:426,7,0,0
BRDA:426,7,1,0
BRDA:426,7,2,0
BRDA:468,8,0,0
BRDA:472,9,0,0
BRDA:625,10,0,0
BRDA:625,10,1,0
BRDA:650,11,0,0
BRDA:650,11,1,0
BRDA:652,12,0,0
BRDA:678,13,0,0
BRDA:678,13,1,0
BRDA:679,14,0,0
BRDA:679,14,1,0
BRDA:709,15,0,0
BRDA:978,16,0,0
BRDA:978,16,1,0
BRF:31
BRH:0
end_of_record
TN:
SF:src/application/ai/model-evolution/evolution-analysis/evolution-analysis-service.ts
FN:9,(anonymous_0)
FN:142,(anonymous_1)
FNF:2
FNH:0
FNDA:0,(anonymous_0)
FNDA:0,(anonymous_1)
DA:9,0
DA:13,0
DA:17,0
DA:21,0
DA:25,0
DA:29,0
DA:33,0
DA:142,0
DA:146,0
DA:150,0
DA:154,0
DA:158,0
DA:162,0
DA:166,0
DA:170,0
LF:15
LH:0
BRDA:9,0,0,0
BRDA:9,0,1,0
BRDA:142,1,0,0
BRDA:142,1,1,0
BRF:4
BRH:0
end_of_record
TN:
SF:src/application/ai/model-evolution/evolution-history/evolution-history-service-impl.ts
FN:37,(anonymous_0)
FN:52,(anonymous_1)
FN:90,(anonymous_2)
FN:99,(anonymous_3)
FN:127,(anonymous_4)
FN:143,(anonymous_5)
FN:159,(anonymous_6)
FN:199,(anonymous_7)
FN:258,(anonymous_8)
FN:325,(anonymous_9)
FN:353,(anonymous_10)
FN:380,(anonymous_11)
FN:383,(anonymous_12)
FN:395,(anonymous_13)
FN:398,(anonymous_14)
FN:411,(anonymous_15)
FN:422,(anonymous_16)
FN:427,(anonymous_17)
FN:440,(anonymous_18)
FN:446,(anonymous_19)
FNF:20
FNH:0
FNDA:0,(anonymous_0)
FNDA:0,(anonymous_1)
FNDA:0,(anonymous_2)
FNDA:0,(anonymous_3)
FNDA:0,(anonymous_4)
FNDA:0,(anonymous_5)
FNDA:0,(anonymous_6)
FNDA:0,(anonymous_7)
FNDA:0,(anonymous_8)
FNDA:0,(anonymous_9)
FNDA:0,(anonymous_10)
FNDA:0,(anonymous_11)
FNDA:0,(anonymous_12)
FNDA:0,(anonymous_13)
FNDA:0,(anonymous_14)
FNDA:0,(anonymous_15)
FNDA:0,(anonymous_16)
FNDA:0,(anonymous_17)
FNDA:0,(anonymous_18)
FNDA:0,(anonymous_19)
DA:2,0
DA:9,0
DA:26,0
DA:42,0
DA:43,0
DA:44,0
DA:53,0
DA:55,0
DA:58,0
DA:59,0
DA:67,0
DA:70,0
DA:77,0
DA:79,0
DA:80,0
DA:91,0
DA:93,0
DA:96,0
DA:99,0
DA:100,0
DA:101,0
DA:102,0
DA:105,0
DA:109,0
DA:110,0
DA:111,0
DA:114,0
DA:116,0
DA:117,0
DA:128,0
DA:129,0
DA:131,0
DA:132,0
DA:144,0
DA:146,0
DA:148,0
DA:149,0
DA:160,0
DA:162,0
DA:163,0
DA:164,0
DA:167,0
DA:172,0
DA:176,0
DA:177,0
DA:179,0
DA:187,0
DA:188,0
DA:200,0
DA:202,0
DA:208,0
DA:210,0
DA:211,0
DA:214,0
DA:219,0
DA:221,0
DA:222,0
DA:225,0
DA:226,0
DA:229,0
DA:230,0
DA:232,0
DA:235,0
DA:247,0
DA:248,0
DA:259,0
DA:261,0
DA:267,0
DA:275,0
DA:280,0
DA:292,0
DA:307,0
DA:316,0
DA:317,0
DA:326,0
DA:327,0
DA:330,0
DA:331,0
DA:334,0
DA:335,0
DA:338,0
DA:339,0
DA:342,0
DA:343,0
DA:354,0
DA:356,0
DA:357,0
DA:360,0
DA:361,0
DA:364,0
DA:365,0
DA:368,0
DA:369,0
DA:372,0
DA:381,0
DA:383,0
DA:384,0
DA:387,0
DA:396,0
DA:398,0
DA:399,0
DA:402,0
DA:412,0
DA:413,0
DA:425,0
DA:427,0
DA:428,0
DA:431,0
DA:443,0
DA:445,0
DA:446,0
DA:447,0
DA:448,0
DA:449,0
DA:450,0
DA:451,0
DA:452,0
DA:453,0
DA:454,0
DA:456,0
DA:458,0
DA:460,0
LF:122
LH:0
BRDA:58,0,0,0
BRDA:60,1,0,0
BRDA:60,1,1,0
BRDA:61,2,0,0
BRDA:61,2,1,0
BRDA:70,3,0,0
BRDA:100,4,0,0
BRDA:100,4,1,0
BRDA:101,5,0,0
BRDA:109,6,0,0
BRDA:110,7,0,0
BRDA:110,7,1,0
BRDA:211,8,0,0
BRDA:219,9,0,0
BRDA:219,9,1,0
BRDA:219,9,2,0
BRDA:219,9,3,0
BRDA:326,10,0,0
BRDA:330,11,0,0
BRDA:334,12,0,0
BRDA:338,13,0,0
BRDA:342,14,0,0
BRDA:356,15,0,0
BRDA:360,16,0,0
BRDA:364,17,0,0
BRDA:368,18,0,0
BRDA:384,19,0,0
BRDA:384,19,1,0
BRDA:399,20,0,0
BRDA:399,20,1,0
BRDA:413,21,0,0
BRDA:413,21,1,0
BRDA:428,22,0,0
BRDA:428,22,1,0
BRDA:453,23,0,0
BRDA:453,23,1,0
BRF:36
BRH:0
end_of_record
TN:
SF:src/application/ai/model-evolution/evolution-history/model-snapshot-service-impl.ts
FN:33,(anonymous_0)
FN:50,(anonymous_1)
FN:95,(anonymous_2)
FN:110,(anonymous_3)
FN:136,(anonymous_4)
FN:166,(anonymous_5)
FN:190,(anonymous_6)
FN:239,(anonymous_7)
FN:253,(anonymous_8)
FN:279,(anonymous_9)
FN:298,(anonymous_10)
FN:299,(anonymous_11)
FN:300,(anonymous_12)
FN:340,(anonymous_13)
FN:341,(anonymous_14)
FN:342,(anonymous_15)
FN:382,(anonymous_16)
FNF:17
FNH:0
FNDA:0,(anonymous_0)
FNDA:0,(anonymous_1)
FNDA:0,(anonymous_2)
FNDA:0,(anonymous_3)
FNDA:0,(anonymous_4)
FNDA:0,(anonymous_5)
FNDA:0,(anonymous_6)
FNDA:0,(anonymous_7)
FNDA:0,(anonymous_8)
FNDA:0,(anonymous_9)
FNDA:0,(anonymous_10)
FNDA:0,(anonymous_11)
FNDA:0,(anonymous_12)
FNDA:0,(anonymous_13)
FNDA:0,(anonymous_14)
FNDA:0,(anonymous_15)
FNDA:0,(anonymous_16)
DA:2,0
DA:9,0
DA:22,0
DA:38,0
DA:39,0
DA:40,0
DA:51,0
DA:53,0
DA:56,0
DA:59,0
DA:80,0
DA:82,0
DA:84,0
DA:85,0
DA:96,0
DA:97,0
DA:99,0
DA:100,0
DA:111,0
DA:113,0
DA:115,0
DA:116,0
DA:119,0
DA:120,0
DA:123,0
DA:124,0
DA:127,0
DA:128,0
DA:132,0
DA:135,0
DA:136,0
DA:137,0
DA:138,0
DA:139,0
DA:140,0
DA:141,0
DA:143,0
DA:148,0
DA:149,0
DA:150,0
DA:153,0
DA:155,0
DA:156,0
DA:167,0
DA:169,0
DA:170,0
DA:171,0
DA:177,0
DA:179,0
DA:180,0
DA:191,0
DA:193,0
DA:194,0
DA:197,0
DA:200,0
DA:204,0
DA:207,0
DA:208,0
DA:211,0
DA:226,0
DA:228,0
DA:229,0
DA:240,0
DA:241,0
DA:243,0
DA:244,0
DA:254,0
DA:256,0
DA:259,0
DA:262,0
DA:263,0
DA:264,0
DA:267,0
DA:269,0
DA:270,0
DA:282,0
DA:283,0
DA:284,0
DA:285,0
DA:286,0
DA:287,0
DA:289,0
DA:299,0
DA:300,0
DA:302,0
DA:303,0
DA:304,0
DA:307,0
DA:308,0
DA:309,0
DA:310,0
DA:311,0
DA:312,0
DA:320,0
DA:325,0
DA:326,0
DA:327,0
DA:331,0
DA:341,0
DA:342,0
DA:344,0
DA:345,0
DA:346,0
DA:349,0
DA:350,0
DA:351,0
DA:352,0
DA:353,0
DA:354,0
DA:362,0
DA:367,0
DA:368,0
DA:369,0
DA:373,0
DA:383,0
DA:386,0
DA:388,0
DA:389,0
DA:390,0
DA:394,0
LF:120
LH:0
BRDA:66,0,0,0
BRDA:66,0,1,0
BRDA:67,1,0,0
BRDA:67,1,1,0
BRDA:75,2,0,0
BRDA:75,2,1,0
BRDA:115,3,0,0
BRDA:119,4,0,0
BRDA:123,5,0,0
BRDA:127,6,0,0
BRDA:135,7,0,0
BRDA:137,8,0,0
BRDA:137,8,1,0
BRDA:138,9,0,0
BRDA:138,9,1,0
BRDA:140,10,0,0
BRDA:148,11,0,0
BRDA:149,12,0,0
BRDA:149,12,1,0
BRDA:170,13,0,0
BRDA:170,14,0,0
BRDA:170,14,1,0
BRDA:197,15,0,0
BRDA:197,15,1,0
BRDA:197,16,0,0
BRDA:197,16,1,0
BRDA:200,17,0,0
BRDA:200,17,1,0
BRDA:200,18,0,0
BRDA:200,18,1,0
BRDA:207,19,0,0
BRDA:207,19,1,0
BRDA:207,20,0,0
BRDA:207,20,1,0
BRDA:208,21,0,0
BRDA:208,21,1,0
BRDA:263,22,0,0
BRDA:308,23,0,0
BRDA:308,23,1,0
BRDA:311,24,0,0
BRDA:326,25,0,0
BRDA:350,26,0,0
BRDA:350,26,1,0
BRDA:353,27,0,0
BRDA:368,28,0,0
BRDA:389,29,0,0
BRF:46
BRH:0
end_of_record
TN:
SF:src/application/ai/model-evolution/interfaces/evolution-analysis.types.ts
FN:4,(anonymous_0)
FN:161,(anonymous_1)
FNF:2
FNH:0
FNDA:0,(anonymous_0)
FNDA:0,(anonymous_1)
DA:4,0
DA:8,0
DA:12,0
DA:16,0
DA:20,0
DA:24,0
DA:28,0
DA:161,0
DA:165,0
DA:169,0
DA:173,0
DA:177,0
DA:181,0
DA:185,0
DA:189,0
LF:15
LH:0
BRDA:4,0,0,0
BRDA:4,0,1,0
BRDA:161,1,0,0
BRDA:161,1,1,0
BRF:4
BRH:0
end_of_record
TN:
SF:src/application/ai/model-evolution/model-update/model-consistency-validator.ts
FN:13,(anonymous_0)
FN:46,(anonymous_1)
FN:85,(anonymous_2)
FN:136,(anonymous_3)
FN:142,(anonymous_4)
FN:198,(anonymous_5)
FN:203,(anonymous_6)
FN:233,(anonymous_7)
FN:238,(anonymous_8)
FN:278,(anonymous_9)
FN:282,(anonymous_10)
FN:287,(anonymous_11)
FN:315,(anonymous_12)
FNF:13
FNH:0
FNDA:0,(anonymous_0)
FNDA:0,(anonymous_1)
FNDA:0,(anonymous_2)
FNDA:0,(anonymous_3)
FNDA:0,(anonymous_4)
FNDA:0,(anonymous_5)
FNDA:0,(anonymous_6)
FNDA:0,(anonymous_7)
FNDA:0,(anonymous_8)
FNDA:0,(anonymous_9)
FNDA:0,(anonymous_10)
FNDA:0,(anonymous_11)
FNDA:0,(anonymous_12)
DA:7,0
DA:14,0
DA:15,0
DA:18,0
DA:21,0
DA:24,0
DA:27,0
DA:30,0
DA:32,0
DA:47,0
DA:48,0
DA:49,0
DA:52,0
DA:53,0
DA:56,0
DA:57,0
DA:60,0
DA:61,0
DA:62,0
DA:65,0
DA:66,0
DA:67,0
DA:70,0
DA:71,0
DA:74,0
DA:75,0
DA:86,0
DA:87,0
DA:88,0
DA:91,0
DA:92,0
DA:94,0
DA:96,0
DA:97,0
DA:98,0
DA:101,0
DA:102,0
DA:106,0
DA:107,0
DA:109,0
DA:113,0
DA:114,0
DA:115,0
DA:116,0
DA:120,0
DA:121,0
DA:124,0
DA:125,0
DA:137,0
DA:138,0
DA:139,0
DA:142,0
DA:143,0
DA:145,0
DA:147,0
DA:148,0
DA:149,0
DA:152,0
DA:153,0
DA:156,0
DA:157,0
DA:161,0
DA:162,0
DA:164,0
DA:168,0
DA:169,0
DA:172,0
DA:173,0
DA:177,0
DA:178,0
DA:182,0
DA:183,0
DA:186,0
DA:187,0
DA:199,0
DA:200,0
DA:203,0
DA:204,0
DA:207,0
DA:208,0
DA:209,0
DA:210,0
DA:212,0
DA:213,0
DA:215,0
DA:221,0
DA:224,0
DA:234,0
DA:235,0
DA:236,0
DA:238,0
DA:239,0
DA:240,0
DA:241,0
DA:242,0
DA:243,0
DA:245,0
DA:248,0
DA:249,0
DA:252,0
DA:253,0
DA:254,0
DA:256,0
DA:257,0
DA:258,0
DA:261,0
DA:262,0
DA:265,0
DA:266,0
DA:267,0
DA:279,0
DA:280,0
DA:282,0
DA:283,0
DA:284,0
DA:287,0
DA:288,0
DA:289,0
DA:290,0
DA:293,0
DA:294,0
DA:295,0
DA:297,0
DA:298,0
DA:301,0
DA:304,0
DA:305,0
DA:316,0
DA:317,0
DA:320,0
DA:321,0
DA:322,0
DA:323,0
DA:327,0
DA:328,0
DA:329,0
LF:136
LH:0
BRDA:47,0,0,0
BRDA:52,1,0,0
BRDA:56,2,0,0
BRDA:60,3,0,0
BRDA:65,4,0,0
BRDA:70,5,0,0
BRDA:74,6,0,0
BRDA:86,7,0,0
BRDA:86,8,0,0
BRDA:86,8,1,0
BRDA:96,9,0,0
BRDA:101,10,0,0
BRDA:106,11,0,0
BRDA:106,11,1,0
BRDA:113,12,0,0
BRDA:113,12,1,0
BRDA:113,13,0,0
BRDA:113,13,1,0
BRDA:115,14,0,0
BRDA:120,15,0,0
BRDA:120,16,0,0
BRDA:120,16,1,0
BRDA:120,16,2,0
BRDA:124,17,0,0
BRDA:124,18,0,0
BRDA:124,18,1,0
BRDA:124,18,2,0
BRDA:137,19,0,0
BRDA:137,20,0,0
BRDA:137,20,1,0
BRDA:147,21,0,0
BRDA:152,22,0,0
BRDA:156,23,0,0
BRDA:161,24,0,0
BRDA:161,24,1,0
BRDA:168,25,0,0
BRDA:168,26,0,0
BRDA:168,26,1,0
BRDA:172,27,0,0
BRDA:172,28,0,0
BRDA:172,28,1,0
BRDA:177,29,0,0
BRDA:182,30,0,0
BRDA:182,31,0,0
BRDA:182,31,1,0
BRDA:182,31,2,0
BRDA:186,32,0,0
BRDA:186,33,0,0
BRDA:186,33,1,0
BRDA:186,33,2,0
BRDA:199,34,0,0
BRDA:199,35,0,0
BRDA:199,35,1,0
BRDA:208,36,0,0
BRDA:209,37,0,0
BRDA:209,37,1,0
BRDA:212,38,0,0
BRDA:239,39,0,0
BRDA:241,40,0,0
BRDA:248,41,0,0
BRDA:256,42,0,0
BRDA:256,42,1,0
BRDA:266,43,0,0
BRDA:283,44,0,0
BRDA:288,45,0,0
BRDA:288,46,0,0
BRDA:288,46,1,0
BRDA:297,47,0,0
BRDA:316,48,0,0
BRDA:316,49,0,0
BRDA:316,49,1,0
BRDA:321,50,0,0
BRDA:322,51,0,0
BRDA:322,52,0,0
BRDA:322,52,1,0
BRDA:327,53,0,0
BRDA:328,54,0,0
BRDA:328,55,0,0
BRDA:328,55,1,0
BRF:79
BRH:0
end_of_record
TN:
SF:src/application/ai/model-evolution/model-update/model-update-service-impl.ts
FN:29,(anonymous_0)
FN:45,(anonymous_1)
FN:136,(anonymous_2)
FN:144,(anonymous_3)
FN:145,(anonymous_4)
FN:161,(anonymous_5)
FN:233,(anonymous_6)
FN:241,(anonymous_7)
FN:250,(anonymous_8)
FNF:9
FNH:0
FNDA:0,(anonymous_0)
FNDA:0,(anonymous_1)
FNDA:0,(anonymous_2)
FNDA:0,(anonymous_3)
FNDA:0,(anonymous_4)
FNDA:0,(anonymous_5)
FNDA:0,(anonymous_6)
FNDA:0,(anonymous_7)
FNDA:0,(anonymous_8)
DA:5,0
DA:7,0
DA:8,0
DA:18,0
DA:33,0
DA:34,0
DA:35,0
DA:37,0
DA:46,0
DA:48,0
DA:49,0
DA:50,0
DA:54,0
DA:55,0
DA:56,0
DA:60,0
DA:61,0
DA:62,0
DA:66,0
DA:69,0
DA:70,0
DA:71,0
DA:75,0
DA:76,0
DA:77,0
DA:80,0
DA:83,0
DA:102,0
DA:105,0
DA:113,0
DA:137,0
DA:139,0
DA:140,0
DA:141,0
DA:144,0
DA:145,0
DA:147,0
DA:162,0
DA:165,0
DA:166,0
DA:169,0
DA:170,0
DA:173,0
DA:174,0
DA:177,0
DA:178,0
DA:179,0
DA:180,0
DA:183,0
DA:184,0
DA:187,0
DA:188,0
DA:192,0
DA:193,0
DA:196,0
DA:197,0
DA:200,0
DA:201,0
DA:205,0
DA:206,0
DA:209,0
DA:210,0
DA:213,0
DA:214,0
DA:218,0
DA:219,0
DA:222,0
DA:234,0
DA:242,0
DA:253,0
LF:70
LH:0
BRDA:49,0,0,0
BRDA:55,1,0,0
BRDA:61,2,0,0
BRDA:70,3,0,0
BRDA:91,4,0,0
BRDA:91,4,1,0
BRDA:92,5,0,0
BRDA:92,5,1,0
BRDA:93,6,0,0
BRDA:93,6,1,0
BRDA:94,7,0,0
BRDA:94,7,1,0
BRDA:95,8,0,0
BRDA:95,8,1,0
BRDA:96,9,0,0
BRDA:96,9,1,0
BRDA:115,10,0,0
BRDA:115,10,1,0
BRDA:116,11,0,0
BRDA:116,11,1,0
BRDA:126,12,0,0
BRDA:126,12,1,0
BRDA:165,13,0,0
BRDA:169,14,0,0
BRDA:173,15,0,0
BRDA:177,16,0,0
BRDA:177,16,1,0
BRDA:177,17,0,0
BRDA:177,17,1,0
BRDA:179,18,0,0
BRDA:179,19,0,0
BRDA:179,19,1,0
BRDA:179,19,2,0
BRDA:183,20,0,0
BRDA:187,21,0,0
BRDA:192,22,0,0
BRDA:192,23,0,0
BRDA:192,23,1,0
BRDA:196,24,0,0
BRDA:196,25,0,0
BRDA:196,25,1,0
BRDA:200,26,0,0
BRDA:200,27,0,0
BRDA:200,27,1,0
BRDA:205,28,0,0
BRDA:205,29,0,0
BRDA:205,29,1,0
BRDA:209,30,0,0
BRDA:209,31,0,0
BRDA:209,31,1,0
BRDA:213,32,0,0
BRDA:213,33,0,0
BRDA:213,33,1,0
BRDA:218,34,0,0
BRDA:218,35,0,0
BRDA:218,35,1,0
BRF:56
BRH:0
end_of_record
TN:
SF:src/application/ai/model-evolution/model-update/update-history-service-impl.ts
FN:15,(anonymous_0)
FN:24,(anonymous_1)
FN:40,(anonymous_2)
FN:72,(anonymous_3)
FN:104,(anonymous_4)
FNF:5
FNH:0
FNDA:0,(anonymous_0)
FNDA:0,(anonymous_1)
FNDA:0,(anonymous_2)
FNDA:0,(anonymous_3)
FNDA:0,(anonymous_4)
DA:8,0
DA:16,0
DA:25,0
DA:26,0
DA:27,0
DA:29,0
DA:30,0
DA:41,0
DA:43,0
DA:52,0
DA:58,0
DA:59,0
DA:61,0
DA:62,0
DA:73,0
DA:75,0
DA:83,0
DA:84,0
DA:91,0
DA:93,0
DA:94,0
DA:105,0
DA:107,0
DA:108,0
DA:111,0
DA:117,0
DA:118,0
DA:124,0
DA:126,0
DA:138,0
DA:139,0
DA:141,0
DA:142,0
LF:33
LH:0
BRDA:45,0,0,0
BRDA:45,0,1,0
BRDA:46,1,0,0
BRDA:46,1,1,0
BRDA:46,2,0,0
BRDA:46,2,1,0
BRDA:47,3,0,0
BRDA:47,3,1,0
BRDA:48,4,0,0
BRDA:48,4,1,0
BRDA:53,5,0,0
BRDA:53,5,1,0
BRDA:54,6,0,0
BRDA:54,6,1,0
BRDA:83,7,0,0
BRDA:117,8,0,0
BRDA:124,9,0,0
BRDA:127,10,0,0
BRDA:127,10,1,0
BRDA:139,11,0,0
BRDA:139,11,1,0
BRF:21
BRH:0
end_of_record
TN:
SF:src/application/ai/model-evolution/model-update/strategies/full-update-strategy.ts
FN:16,(anonymous_0)
FN:40,(anonymous_1)
FNF:2
FNH:0
FNDA:0,(anonymous_0)
FNDA:0,(anonymous_1)
DA:7,0
DA:8,0
DA:19,0
DA:31,0
DA:42,0
DA:43,0
DA:46,0
DA:47,0
DA:51,0
DA:52,0
DA:53,0
DA:57,0
DA:58,0
DA:59,0
DA:63,0
LF:15
LH:0
BRDA:42,0,0,0
BRDA:42,1,0,0
BRDA:42,1,1,0
BRDA:46,2,0,0
BRDA:46,3,0,0
BRDA:46,3,1,0
BRDA:52,4,0,0
BRDA:52,5,0,0
BRDA:52,5,1,0
BRDA:58,6,0,0
BRDA:58,7,0,0
BRDA:58,7,1,0
BRDA:58,7,2,0
BRF:13
BRH:0
end_of_record
TN:
SF:src/application/ai/model-evolution/model-update/strategies/incremental-update-strategy.ts
FN:16,(anonymous_0)
FN:28,(anonymous_1)
FN:40,(anonymous_2)
FN:53,(anonymous_3)
FN:65,(anonymous_4)
FN:79,(anonymous_5)
FNF:6
FNH:0
FNDA:0,(anonymous_0)
FNDA:0,(anonymous_1)
FNDA:0,(anonymous_2)
FNDA:0,(anonymous_3)
FNDA:0,(anonymous_4)
FNDA:0,(anonymous_5)
DA:7,0
DA:8,0
DA:18,0
DA:21,0
DA:22,0
DA:26,0
DA:27,0
DA:28,0
DA:29,0
DA:30,0
DA:39,0
DA:40,0
DA:41,0
DA:46,0
DA:47,0
DA:51,0
DA:52,0
DA:53,0
DA:54,0
DA:55,0
DA:64,0
DA:65,0
DA:66,0
DA:70,0
DA:82,0
LF:25
LH:0
BRDA:21,0,0,0
BRDA:21,1,0,0
BRDA:21,1,1,0
BRDA:26,2,0,0
BRDA:26,3,0,0
BRDA:26,3,1,0
BRDA:29,4,0,0
BRDA:39,5,0,0
BRDA:39,6,0,0
BRDA:39,6,1,0
BRDA:46,7,0,0
BRDA:46,8,0,0
BRDA:46,8,1,0
BRDA:51,9,0,0
BRDA:51,10,0,0
BRDA:51,10,1,0
BRDA:54,11,0,0
BRDA:64,12,0,0
BRDA:64,13,0,0
BRDA:64,13,1,0
BRF:20
BRH:0
end_of_record
TN:
SF:src/application/ai/model-evolution/model-update/strategies/restructure-update-strategy.ts
FN:16,(anonymous_0)
FN:59,(anonymous_1)
FN:63,(anonymous_2)
FN:64,(anonymous_3)
FN:82,(anonymous_4)
FN:85,(anonymous_5)
FN:86,(anonymous_6)
FN:104,(anonymous_7)
FN:108,(anonymous_8)
FN:114,(anonymous_9)
FN:124,(anonymous_10)
FN:127,(anonymous_11)
FN:145,(anonymous_12)
FN:149,(anonymous_13)
FN:152,(anonymous_14)
FN:162,(anonymous_15)
FN:165,(anonymous_16)
FN:177,(anonymous_17)
FN:182,(anonymous_18)
FN:187,(anonymous_19)
FN:203,(anonymous_20)
FNF:21
FNH:0
FNDA:0,(anonymous_0)
FNDA:0,(anonymous_1)
FNDA:0,(anonymous_2)
FNDA:0,(anonymous_3)
FNDA:0,(anonymous_4)
FNDA:0,(anonymous_5)
FNDA:0,(anonymous_6)
FNDA:0,(anonymous_7)
FNDA:0,(anonymous_8)
FNDA:0,(anonymous_9)
FNDA:0,(anonymous_10)
FNDA:0,(anonymous_11)
FNDA:0,(anonymous_12)
FNDA:0,(anonymous_13)
FNDA:0,(anonymous_14)
FNDA:0,(anonymous_15)
FNDA:0,(anonymous_16)
FNDA:0,(anonymous_17)
FNDA:0,(anonymous_18)
FNDA:0,(anonymous_19)
FNDA:0,(anonymous_20)
DA:7,0
DA:8,0
DA:18,0
DA:21,0
DA:22,0
DA:26,0
DA:27,0
DA:31,0
DA:32,0
DA:36,0
DA:37,0
DA:41,0
DA:42,0
DA:46,0
DA:51,0
DA:62,0
DA:63,0
DA:64,0
DA:65,0
DA:66,0
DA:72,0
DA:84,0
DA:85,0
DA:86,0
DA:87,0
DA:88,0
DA:94,0
DA:107,0
DA:108,0
DA:109,0
DA:111,0
DA:114,0
DA:121,0
DA:124,0
DA:127,0
DA:128,0
DA:129,0
DA:131,0
DA:132,0
DA:134,0
DA:148,0
DA:149,0
DA:150,0
DA:152,0
DA:153,0
DA:162,0
DA:165,0
DA:166,0
DA:180,0
DA:182,0
DA:183,0
DA:187,0
DA:188,0
DA:205,0
DA:210,0
DA:214,0
DA:215,0
DA:216,0
DA:221,0
DA:222,0
DA:223,0
DA:227,0
LF:62
LH:0
BRDA:21,0,0,0
BRDA:26,1,0,0
BRDA:31,2,0,0
BRDA:36,3,0,0
BRDA:41,4,0,0
BRDA:62,5,0,0
BRDA:65,6,0,0
BRDA:84,7,0,0
BRDA:87,8,0,0
BRDA:91,9,0,0
BRDA:91,9,1,0
BRDA:109,10,0,0
BRDA:114,11,0,0
BRDA:114,11,1,0
BRDA:128,12,0,0
BRDA:131,13,0,0
BRDA:150,14,0,0
BRDA:166,15,0,0
BRDA:166,15,1,0
BRDA:205,16,0,0
BRDA:205,17,0,0
BRDA:205,17,1,0
BRDA:205,17,2,0
BRDA:205,17,3,0
BRDA:205,17,4,0
BRDA:214,18,0,0
BRDA:215,19,0,0
BRDA:221,20,0,0
BRDA:222,21,0,0
BRF:29
BRH:0
end_of_record
TN:
SF:src/application/ai/model-evolution/strategies/model-update.strategies.ts
FN:14,(anonymous_0)
FN:30,(anonymous_1)
FN:42,(anonymous_2)
FN:47,(anonymous_3)
FN:61,(anonymous_4)
FN:73,(anonymous_5)
FN:87,(anonymous_6)
FN:96,(anonymous_7)
FN:106,(anonymous_8)
FN:116,(anonymous_9)
FN:126,(anonymous_10)
FN:150,(anonymous_11)
FN:170,(anonymous_12)
FN:195,(anonymous_13)
FN:212,(anonymous_14)
FN:223,(anonymous_15)
FN:228,(anonymous_16)
FN:240,(anonymous_17)
FN:251,(anonymous_18)
FN:268,(anonymous_19)
FN:294,(anonymous_20)
FNF:21
FNH:0
FNDA:0,(anonymous_0)
FNDA:0,(anonymous_1)
FNDA:0,(anonymous_2)
FNDA:0,(anonymous_3)
FNDA:0,(anonymous_4)
FNDA:0,(anonymous_5)
FNDA:0,(anonymous_6)
FNDA:0,(anonymous_7)
FNDA:0,(anonymous_8)
FNDA:0,(anonymous_9)
FNDA:0,(anonymous_10)
FNDA:0,(anonymous_11)
FNDA:0,(anonymous_12)
FNDA:0,(anonymous_13)
FNDA:0,(anonymous_14)
FNDA:0,(anonymous_15)
FNDA:0,(anonymous_16)
FNDA:0,(anonymous_17)
FNDA:0,(anonymous_18)
FNDA:0,(anonymous_19)
FNDA:0,(anonymous_20)
DA:5,0
DA:6,0
DA:16,0
DA:23,0
DA:24,0
DA:28,0
DA:29,0
DA:30,0
DA:31,0
DA:32,0
DA:41,0
DA:42,0
DA:43,0
DA:47,0
DA:48,0
DA:54,0
DA:55,0
DA:59,0
DA:60,0
DA:61,0
DA:62,0
DA:63,0
DA:72,0
DA:73,0
DA:74,0
DA:78,0
DA:89,0
DA:90,0
DA:94,0
DA:95,0
DA:96,0
DA:97,0
DA:98,0
DA:104,0
DA:105,0
DA:106,0
DA:107,0
DA:108,0
DA:114,0
DA:115,0
DA:116,0
DA:117,0
DA:118,0
DA:124,0
DA:125,0
DA:126,0
DA:127,0
DA:128,0
DA:133,0
DA:141,0
DA:142,0
DA:152,0
DA:153,0
DA:157,0
DA:172,0
DA:173,0
DA:177,0
DA:186,0
DA:187,0
DA:197,0
DA:206,0
DA:207,0
DA:210,0
DA:211,0
DA:212,0
DA:213,0
DA:214,0
DA:222,0
DA:223,0
DA:224,0
DA:228,0
DA:229,0
DA:234,0
DA:235,0
DA:238,0
DA:239,0
DA:240,0
DA:241,0
DA:242,0
DA:250,0
DA:251,0
DA:252,0
DA:259,0
DA:270,0
DA:271,0
DA:275,0
DA:288,0
DA:295,0
DA:297,0
DA:299,0
DA:301,0
DA:303,0
LF:92
LH:0
BRDA:23,0,0,0
BRDA:23,1,0,0
BRDA:23,1,1,0
BRDA:28,2,0,0
BRDA:28,3,0,0
BRDA:28,3,1,0
BRDA:31,4,0,0
BRDA:41,5,0,0
BRDA:41,6,0,0
BRDA:41,6,1,0
BRDA:48,7,0,0
BRDA:48,7,1,0
BRDA:54,8,0,0
BRDA:54,9,0,0
BRDA:54,9,1,0
BRDA:59,10,0,0
BRDA:59,11,0,0
BRDA:59,11,1,0
BRDA:62,12,0,0
BRDA:72,13,0,0
BRDA:72,14,0,0
BRDA:72,14,1,0
BRDA:89,15,0,0
BRDA:94,16,0,0
BRDA:97,17,0,0
BRDA:104,18,0,0
BRDA:107,19,0,0
BRDA:114,20,0,0
BRDA:117,21,0,0
BRDA:124,22,0,0
BRDA:127,23,0,0
BRDA:152,24,0,0
BRDA:152,25,0,0
BRDA:152,25,1,0
BRDA:172,26,0,0
BRDA:177,27,0,0
BRDA:177,27,1,0
BRDA:177,27,2,0
BRDA:177,27,3,0
BRDA:206,28,0,0
BRDA:206,29,0,0
BRDA:206,29,1,0
BRDA:210,30,0,0
BRDA:210,31,0,0
BRDA:210,31,1,0
BRDA:213,32,0,0
BRDA:222,33,0,0
BRDA:222,34,0,0
BRDA:222,34,1,0
BRDA:229,35,0,0
BRDA:229,35,1,0
BRDA:234,36,0,0
BRDA:234,37,0,0
BRDA:234,37,1,0
BRDA:238,38,0,0
BRDA:238,39,0,0
BRDA:238,39,1,0
BRDA:241,40,0,0
BRDA:250,41,0,0
BRDA:250,42,0,0
BRDA:250,42,1,0
BRDA:270,43,0,0
BRDA:275,44,0,0
BRDA:275,44,1,0
BRDA:275,44,2,0
BRDA:275,44,3,0
BRDA:275,44,4,0
BRDA:275,44,5,0
BRDA:295,45,0,0
BRDA:295,45,1,0
BRDA:295,45,2,0
BRDA:295,45,3,0
BRF:72
BRH:0
end_of_record
TN:
SF:src/application/ai/model-evolution/types/evolution-history.types.ts
FN:4,(anonymous_0)
FN:28,(anonymous_1)
FN:40,(anonymous_2)
FN:122,(anonymous_3)
FNF:4
FNH:0
FNDA:0,(anonymous_0)
FNDA:0,(anonymous_1)
FNDA:0,(anonymous_2)
FNDA:0,(anonymous_3)
DA:4,0
DA:6,0
DA:8,0
DA:10,0
DA:12,0
DA:14,0
DA:16,0
DA:18,0
DA:20,0
DA:22,0
DA:24,0
DA:28,0
DA:30,0
DA:32,0
DA:34,0
DA:36,0
DA:40,0
DA:42,0
DA:44,0
DA:46,0
DA:48,0
DA:50,0
DA:52,0
DA:54,0
DA:122,0
DA:123,0
DA:124,0
DA:125,0
LF:28
LH:0
BRDA:4,0,0,0
BRDA:4,0,1,0
BRDA:28,1,0,0
BRDA:28,1,1,0
BRDA:40,2,0,0
BRDA:40,2,1,0
BRDA:122,3,0,0
BRDA:122,3,1,0
BRF:8
BRH:0
end_of_record
TN:
SF:src/application/ai/model-evolution/types/export-format.ts
FN:4,(anonymous_0)
FNF:1
FNH:0
FNDA:0,(anonymous_0)
DA:4,0
DA:8,0
DA:12,0
DA:16,0
DA:20,0
LF:5
LH:0
BRDA:4,0,0,0
BRDA:4,0,1,0
BRF:2
BRH:0
end_of_record
TN:
SF:src/application/ai/model-evolution/types/model-evolution-event.ts
FN:6,(anonymous_0)
FNF:1
FNH:0
FNDA:0,(anonymous_0)
DA:6,0
DA:10,0
DA:14,0
DA:18,0
DA:22,0
DA:26,0
DA:30,0
DA:34,0
DA:38,0
DA:42,0
DA:46,0
LF:11
LH:0
BRDA:6,0,0,0
BRDA:6,0,1,0
BRF:2
BRH:0
end_of_record
TN:
SF:src/application/ai/model-evolution/types/model-snapshot.ts
FN:4,(anonymous_0)
FNF:1
FNH:0
FNDA:0,(anonymous_0)
DA:4,0
DA:8,0
DA:12,0
DA:16,0
DA:20,0
LF:5
LH:0
BRDA:4,0,0,0
BRDA:4,0,1,0
BRF:2
BRH:0
end_of_record
TN:
SF:src/application/ai/model-evolution/types/model-update.types.ts
FN:4,(anonymous_0)
FN:22,(anonymous_1)
FN:40,(anonymous_2)
FNF:3
FNH:0
FNDA:0,(anonymous_0)
FNDA:0,(anonymous_1)
FNDA:0,(anonymous_2)
DA:4,0
DA:8,0
DA:12,0
DA:16,0
DA:22,0
DA:26,0
DA:30,0
DA:34,0
DA:40,0
DA:44,0
DA:48,0
DA:52,0
DA:56,0
DA:60,0
DA:64,0
LF:15
LH:0
BRDA:4,0,0,0
BRDA:4,0,1,0
BRDA:22,1,0,0
BRDA:22,1,1,0
BRDA:40,2,0,0
BRDA:40,2,1,0
BRF:6
BRH:0
end_of_record
TN:
SF:src/application/ai/model-evolution/version-management/version-management-service-impl.ts
FN:28,(anonymous_0)
FN:42,(anonymous_1)
FN:52,(anonymous_2)
FN:63,(anonymous_3)
FN:99,(anonymous_4)
FN:121,(anonymous_5)
FN:132,(anonymous_6)
FN:192,(anonymous_7)
FN:210,(anonymous_8)
FN:223,(anonymous_9)
FN:233,(anonymous_10)
FN:248,(anonymous_11)
FN:249,(anonymous_12)
FN:250,(anonymous_13)
FN:288,(anonymous_14)
FN:289,(anonymous_15)
FN:290,(anonymous_16)
FN:323,(anonymous_17)
FN:333,(anonymous_18)
FNF:19
FNH:0
FNDA:0,(anonymous_0)
FNDA:0,(anonymous_1)
FNDA:0,(anonymous_2)
FNDA:0,(anonymous_3)
FNDA:0,(anonymous_4)
FNDA:0,(anonymous_5)
FNDA:0,(anonymous_6)
FNDA:0,(anonymous_7)
FNDA:0,(anonymous_8)
FNDA:0,(anonymous_9)
FNDA:0,(anonymous_10)
FNDA:0,(anonymous_11)
FNDA:0,(anonymous_12)
FNDA:0,(anonymous_13)
FNDA:0,(anonymous_14)
FNDA:0,(anonymous_15)
FNDA:0,(anonymous_16)
FNDA:0,(anonymous_17)
FNDA:0,(anonymous_18)
DA:4,0
DA:5,0
DA:19,0
DA:32,0
DA:33,0
DA:43,0
DA:53,0
DA:65,0
DA:68,0
DA:89,0
DA:100,0
DA:101,0
DA:102,0
DA:106,0
DA:112,0
DA:122,0
DA:134,0
DA:135,0
DA:137,0
DA:138,0
DA:142,0
DA:145,0
DA:149,0
DA:153,0
DA:156,0
DA:160,0
DA:162,0
DA:167,0
DA:170,0
DA:193,0
DA:200,0
DA:201,0
DA:211,0
DA:212,0
DA:213,0
DA:216,0
DA:225,0
DA:234,0
DA:235,0
DA:236,0
DA:238,0
DA:249,0
DA:250,0
DA:252,0
DA:253,0
DA:254,0
DA:255,0
DA:258,0
DA:259,0
DA:260,0
DA:262,0
DA:263,0
DA:264,0
DA:265,0
DA:266,0
DA:273,0
DA:274,0
DA:275,0
DA:279,0
DA:289,0
DA:290,0
DA:292,0
DA:293,0
DA:294,0
DA:297,0
DA:298,0
DA:299,0
DA:301,0
DA:302,0
DA:303,0
DA:309,0
DA:310,0
DA:311,0
DA:315,0
DA:324,0
DA:334,0
DA:336,0
DA:337,0
DA:340,0
DA:341,0
DA:344,0
DA:345,0
DA:348,0
DA:349,0
DA:352,0
DA:353,0
DA:356,0
DA:357,0
DA:360,0
DA:361,0
DA:364,0
LF:91
LH:0
BRDA:43,0,0,0
[...]
FNDA:0,(anonymous_2)
FNDA:0,(anonymous_3)
FNDA:0,(anonymous_4)
FNDA:0,(anonymous_5)
FNDA:0,(anonymous_6)
FNDA:0,(anonymous_7)
FNDA:0,(anonymous_8)
FNDA:0,(anonymous_9)
FNDA:0,(anonymous_10)
FNDA:0,(anonymous_11)
FNDA:0,(anonymous_12)
FNDA:0,(anonymous_13)
FNDA:0,(anonymous_14)
FNDA:0,(anonymous_15)
FNDA:0,(anonymous_16)
FNDA:0,(anonymous_17)
FNDA:0,(anonymous_18)
FNDA:0,(anonymous_19)
FNDA:0,(anonymous_20)
FNDA:0,(anonymous_21)
FNDA:0,(anonymous_22)
FNDA:0,(anonymous_23)
FNDA:0,(anonymous_24)
FNDA:0,(anonymous_25)
DA:2,0
DA:4,0
DA:5,0
DA:6,0
DA:7,0
DA:10,0
DA:11,0
DA:17,0
DA:18,0
DA:38,0
DA:39,0
DA:62,0
DA:63,0
DA:65,0
DA:67,0
DA:73,0
DA:85,0
DA:94,0
DA:95,0
DA:97,0
DA:99,0
DA:106,0
DA:119,0
DA:128,0
DA:129,0
DA:131,0
DA:132,0
DA:134,0
DA:135,0
DA:138,0
DA:147,0
DA:148,0
DA:150,0
DA:151,0
DA:153,0
DA:154,0
DA:157,0
DA:172,0
DA:177,0
DA:180,0
DA:186,0
DA:189,0
DA:195,0
DA:198,0
DA:199,0
DA:200,0
DA:203,0
DA:204,0
DA:205,0
DA:220,0
DA:221,0
DA:223,0
DA:229,0
DA:231,0
DA:246,0
DA:247,0
DA:249,0
DA:255,0
DA:257,0
DA:273,0
DA:278,0
DA:281,0
DA:286,0
DA:289,0
DA:294,0
DA:297,0
DA:302,0
DA:304,0
DA:309,0
DA:311,0
DA:312,0
DA:313,0
DA:314,0
DA:315,0
DA:317,0
DA:318,0
DA:319,0
DA:320,0
DA:322,0
DA:338,0
DA:343,0
DA:346,0
DA:347,0
DA:349,0
DA:350,0
DA:354,0
DA:355,0
DA:357,0
DA:366,0
DA:371,0
DA:372,0
DA:373,0
DA:376,0
DA:377,0
DA:380,0
DA:381,0
DA:383,0
DA:400,0
DA:405,0
DA:406,0
DA:409,0
DA:415,0
DA:425,0
DA:431,0
DA:440,0
DA:441,0
DA:442,0
DA:445,0
DA:446,0
DA:447,0
DA:456,0
DA:475,0
LF:112
LH:0
BRDA:65,0,0,0
BRDA:65,0,1,0
BRDA:97,1,0,0
BRDA:97,1,1,0
BRDA:134,2,0,0
BRDA:153,3,0,0
BRDA:311,4,0,0
BRDA:311,4,1,0
BRDA:312,5,0,0
BRDA:312,5,1,0
BRDA:314,6,0,0
BRDA:314,6,1,0
BRDA:315,7,0,0
BRDA:315,7,1,0
BRDA:319,8,0,0
BRDA:319,8,1,0
BRDA:319,9,0,0
BRDA:319,9,1,0
BRDA:320,10,0,0
BRDA:320,10,1,0
BRDA:349,11,0,0
BRDA:11,12,0,0
BRDA:11,12,1,0
BRDA:11,13,0,0
BRDA:11,13,1,0
BRF:25
BRH:0
end_of_record
TN:
SF:src/infrastructure/repositories/ResourceRepositoryImpl.ts
FN:20,(anonymous_0)
FN:28,(anonymous_1)
FN:63,(anonymous_2)
FN:99,(anonymous_3)
FN:120,(anonymous_4)
FN:141,(anonymous_5)
FN:158,(anonymous_6)
FN:174,(anonymous_7)
FN:191,(anonymous_8)
FN:214,(anonymous_9)
FN:223,(anonymous_10)
FN:241,(anonymous_11)
FN:294,(anonymous_12)
FN:299,(anonymous_13)
FN:309,(anonymous_14)
FN:327,(anonymous_15)
FNF:16
FNH:0
FNDA:0,(anonymous_0)
FNDA:0,(anonymous_1)
FNDA:0,(anonymous_2)
FNDA:0,(anonymous_3)
FNDA:0,(anonymous_4)
FNDA:0,(anonymous_5)
FNDA:0,(anonymous_6)
FNDA:0,(anonymous_7)
FNDA:0,(anonymous_8)
FNDA:0,(anonymous_9)
FNDA:0,(anonymous_10)
FNDA:0,(anonymous_11)
FNDA:0,(anonymous_12)
FNDA:0,(anonymous_13)
FNDA:0,(anonymous_14)
FNDA:0,(anonymous_15)
DA:6,0
DA:7,0
DA:14,0
DA:21,0
DA:22,0
DA:29,0
DA:49,0
DA:50,0
DA:51,0
DA:53,0
DA:54,0
DA:64,0
DA:70,0
DA:84,0
DA:85,0
DA:86,0
DA:87,0
DA:89,0
DA:90,0
DA:100,0
DA:102,0
DA:103,0
DA:104,0
DA:105,0
DA:108,0
DA:110,0
DA:111,0
DA:121,0
DA:123,0
DA:124,0
DA:125,0
DA:126,0
DA:129,0
DA:131,0
DA:132,0
DA:142,0
DA:144,0
DA:145,0
DA:146,0
DA:148,0
DA:149,0
DA:159,0
DA:161,0
DA:162,0
DA:163,0
DA:165,0
DA:166,0
DA:175,0
DA:177,0
DA:178,0
DA:179,0
DA:181,0
DA:182,0
DA:192,0
DA:193,0
DA:195,0
DA:196,0
DA:197,0
DA:200,0
DA:201,0
DA:202,0
DA:204,0
DA:205,0
DA:215,0
DA:224,0
DA:226,0
DA:227,0
DA:228,0
DA:229,0
DA:231,0
DA:232,0
DA:249,0
DA:250,0
DA:252,0
DA:253,0
DA:254,0
DA:257,0
DA:258,0
DA:259,0
DA:260,0
DA:261,0
DA:262,0
DA:264,0
DA:265,0
DA:274,0
DA:283,0
DA:284,0
DA:295,0
DA:296,0
DA:299,0
DA:300,0
DA:306,0
DA:309,0
DA:312,0
DA:313,0
DA:314,0
DA:315,0
DA:317,0
DA:318,0
DA:328,0
DA:342,0
LF:101
LH:0
BRDA:104,0,0,0
BRDA:125,1,0,0
BRDA:195,2,0,0
BRDA:252,3,0,0
BRDA:275,4,0,0
BRDA:275,4,1,0
BRDA:276,5,0,0
BRDA:276,5,1,0
BRDA:277,6,0,0
BRDA:277,6,1,0
BRDA:278,7,0,0
BRDA:278,7,1,0
BRDA:279,8,0,0
BRDA:279,8,1,0
BRDA:280,9,0,0
BRDA:280,9,1,0
BRDA:295,10,0,0
BRDA:336,11,0,0
BRDA:336,11,1,0
BRDA:337,12,0,0
BRDA:337,12,1,0
BRF:21
BRH:0
end_of_record
TN:
SF:src/infrastructure/storage/AudioStorageService.ts
FN:69,(anonymous_0)
FN:78,(anonymous_1)
FN:92,(anonymous_2)
FN:114,(anonymous_3)
FN:133,(anonymous_4)
FN:144,(anonymous_5)
FN:163,(anonymous_6)
FN:173,(anonymous_7)
FN:186,(anonymous_8)
FNF:9
FNH:0
FNDA:0,(anonymous_0)
FNDA:0,(anonymous_1)
FNDA:0,(anonymous_2)
FNDA:0,(anonymous_3)
FNDA:0,(anonymous_4)
FNDA:0,(anonymous_5)
FNDA:0,(anonymous_6)
FNDA:0,(anonymous_7)
FNDA:0,(anonymous_8)
DA:2,0
DA:66,0
DA:70,0
DA:72,0
DA:79,0
DA:80,0
DA:81,0
DA:93,0
DA:94,0
DA:97,0
DA:98,0
DA:99,0
DA:100,0
DA:103,0
DA:106,0
DA:115,0
DA:125,0
DA:134,0
DA:135,0
DA:136,0
DA:145,0
DA:146,0
DA:148,0
DA:149,0
DA:150,0
DA:151,0
DA:153,0
DA:154,0
DA:165,0
DA:174,0
DA:175,0
DA:177,0
DA:178,0
DA:196,0
DA:197,0
DA:199,0
DA:200,0
DA:204,0
LF:38
LH:0
BRDA:80,0,0,0
BRDA:98,1,0,0
BRDA:98,1,1,0
BRDA:125,2,0,0
BRDA:125,2,1,0
BRF:5
BRH:0
end_of_record
TN:
SF:src/infrastructure/storage/FileStorageService.ts
FN:66,(anonymous_0)
FN:75,(anonymous_1)
FN:89,(anonymous_2)
FN:111,(anonymous_3)
FN:137,(anonymous_4)
FN:148,(anonymous_5)
FN:167,(anonymous_6)
FN:177,(anonymous_7)
FN:190,(anonymous_8)
FNF:9
FNH:0
FNDA:0,(anonymous_0)
FNDA:0,(anonymous_1)
FNDA:0,(anonymous_2)
FNDA:0,(anonymous_3)
FNDA:0,(anonymous_4)
FNDA:0,(anonymous_5)
FNDA:0,(anonymous_6)
FNDA:0,(anonymous_7)
FNDA:0,(anonymous_8)
DA:2,0
DA:63,0
DA:67,0
DA:69,0
DA:76,0
DA:77,0
DA:78,0
DA:90,0
DA:91,0
DA:94,0
DA:95,0
DA:96,0
DA:97,0
DA:100,0
DA:103,0
DA:112,0
DA:129,0
DA:138,0
DA:139,0
DA:140,0
DA:149,0
DA:150,0
DA:152,0
DA:153,0
DA:154,0
DA:155,0
DA:157,0
DA:158,0
DA:169,0
DA:178,0
DA:179,0
DA:181,0
DA:182,0
DA:197,0
DA:198,0
DA:200,0
DA:201,0
DA:203,0
LF:38
LH:0
BRDA:77,0,0,0
BRDA:95,1,0,0
BRDA:95,1,1,0
BRDA:129,2,0,0
BRDA:129,2,1,0
BRF:5
BRH:0
end_of_record
TN:
SF:src/infrastructure/system/ConfigManager.ts
FN:38,(anonymous_0)
FN:46,(anonymous_1)
FN:67,(anonymous_2)
FN:84,(anonymous_3)
FN:116,(anonymous_4)
FN:137,(anonymous_5)
FN:149,(anonymous_6)
FN:162,(anonymous_7)
FN:174,(anonymous_8)
FN:191,(anonymous_9)
FNF:10
FNH:0
FNDA:0,(anonymous_0)
FNDA:0,(anonymous_1)
FNDA:0,(anonymous_2)
FNDA:0,(anonymous_3)
FNDA:0,(anonymous_4)
FNDA:0,(anonymous_5)
FNDA:0,(anonymous_6)
FNDA:0,(anonymous_7)
FNDA:0,(anonymous_8)
FNDA:0,(anonymous_9)
DA:2,0
DA:3,0
DA:28,0
DA:31,0
DA:32,0
DA:39,0
DA:40,0
DA:47,0
DA:48,0
DA:51,0
DA:53,0
DA:56,0
DA:58,0
DA:60,0
DA:69,0
DA:72,0
DA:73,0
DA:74,0
DA:78,0
DA:85,0
DA:87,0
DA:89,0
DA:93,0
DA:94,0
DA:95,0
DA:96,0
DA:100,0
DA:101,0
DA:102,0
DA:103,0
DA:106,0
DA:117,0
DA:118,0
DA:121,0
DA:122,0
DA:123,0
DA:124,0
DA:126,0
DA:129,0
DA:138,0
DA:139,0
DA:142,0
DA:150,0
DA:151,0
DA:154,0
DA:163,0
DA:164,0
DA:167,0
DA:175,0
DA:176,0
DA:179,0
DA:192,0
DA:193,0
LF:53
LH:0
BRDA:38,0,0,0
BRDA:39,1,0,0
BRDA:39,1,1,0
BRDA:40,2,0,0
BRDA:40,2,1,0
BRDA:40,2,2,0
BRDA:47,3,0,0
BRDA:73,4,0,0
BRDA:87,5,0,0
BRDA:94,6,0,0
BRDA:101,7,0,0
BRDA:117,8,0,0
BRDA:122,9,0,0
BRDA:123,10,0,0
BRDA:138,11,0,0
BRDA:150,12,0,0
BRDA:163,13,0,0
BRDA:175,14,0,0
BRF:18
BRH:0
end_of_record
TN:
SF:src/infrastructure/system/DataFlowManager.ts
FN:104,(anonymous_0)
FN:117,(anonymous_1)
FN:136,(anonymous_2)
FN:145,(anonymous_3)
FN:164,(anonymous_4)
FN:178,(anonymous_5)
FNF:6
FNH:0
FNDA:0,(anonymous_0)
FNDA:0,(anonymous_1)
FNDA:0,(anonymous_2)
FNDA:0,(anonymous_3)
FNDA:0,(anonymous_4)
FNDA:0,(anonymous_5)
DA:94,0
DA:95,0
DA:96,0
DA:105,0
DA:106,0
DA:108,0
DA:118,0
DA:119,0
DA:120,0
DA:123,0
DA:124,0
DA:125,0
DA:128,0
DA:137,0
DA:146,0
DA:147,0
DA:148,0
DA:152,0
DA:165,0
DA:166,0
DA:167,0
DA:168,0
DA:169,0
DA:179,0
DA:186,0
LF:25
LH:0
BRDA:105,0,0,0
BRDA:119,1,0,0
BRDA:124,2,0,0
BRDA:147,3,0,0
BRDA:166,4,0,0
BRDA:168,5,0,0
BRF:6
BRH:0
end_of_record
TN:
SF:src/infrastructure/system/ModuleRegistry.ts
FN:4,(anonymous_0)
FN:107,(anonymous_1)
FN:123,(anonymous_2)
FN:138,(anonymous_3)
FN:145,(anonymous_4)
FN:153,(anonymous_5)
FN:163,(anonymous_6)
FNF:7
FNH:0
FNDA:0,(anonymous_0)
FNDA:0,(anonymous_1)
FNDA:0,(anonymous_2)
FNDA:0,(anonymous_3)
FNDA:0,(anonymous_4)
FNDA:0,(anonymous_5)
FNDA:0,(anonymous_6)
DA:4,0
DA:5,0
DA:6,0
DA:7,0
DA:8,0
DA:100,0
DA:101,0
DA:109,0
DA:110,0
DA:111,0
DA:115,0
DA:116,0
DA:125,0
DA:126,0
DA:127,0
DA:131,0
DA:139,0
DA:146,0
DA:154,0
DA:155,0
DA:164,0
DA:165,0
DA:166,0
DA:169,0
DA:170,0
DA:177,0
LF:26
LH:0
BRDA:4,0,0,0
BRDA:4,0,1,0
BRDA:110,1,0,0
BRDA:126,2,0,0
BRDA:126,3,0,0
BRDA:126,3,1,0
BRDA:139,4,0,0
BRDA:139,4,1,0
BRDA:155,5,0,0
BRDA:155,5,1,0
BRDA:165,6,0,0
BRF:11
BRH:0
end_of_record
TN:
SF:src/infrastructure/system/SystemBootstrapper.ts
FN:31,(anonymous_9)
FN:51,(anonymous_10)
FN:63,(anonymous_11)
FN:96,(anonymous_12)
FN:99,(anonymous_13)
FN:100,(anonymous_14)
FN:111,(anonymous_15)
FN:126,(anonymous_16)
FNF:8
FNH:0
FNDA:0,(anonymous_9)
FNDA:0,(anonymous_10)
FNDA:0,(anonymous_11)
FNDA:0,(anonymous_12)
FNDA:0,(anonymous_13)
FNDA:0,(anonymous_14)
FNDA:0,(anonymous_15)
FNDA:0,(anonymous_16)
DA:2,0
DA:22,0
DA:25,0
DA:32,0
DA:42,0
DA:52,0
DA:54,0
DA:55,0
DA:57,0
DA:60,0
DA:63,0
DA:64,0
DA:69,0
DA:70,0
DA:73,0
DA:74,0
DA:77,0
DA:80,0
DA:81,0
DA:84,0
DA:88,0
DA:89,0
DA:97,0
DA:99,0
DA:100,0
DA:101,0
DA:102,0
DA:103,0
DA:112,0
DA:114,0
DA:115,0
DA:116,0
DA:118,0
DA:119,0
DA:127,0
LF:35
LH:0
BRDA:31,0,0,0
BRDA:33,1,0,0
BRDA:33,1,1,0
BRDA:35,2,0,0
BRDA:35,2,1,0
BRDA:60,3,0,0
BRDA:60,3,1,0
BRDA:73,4,0,0
BRDA:80,5,0,0
BRDA:80,5,1,0
BRF:10
BRH:0
end_of_record
TN:
SF:src/infrastructure/system/SystemIntegrator.ts
FN:50,(anonymous_0)
FN:61,(anonymous_1)
FN:120,(anonymous_2)
FN:125,(anonymous_3)
FN:144,(anonymous_4)
FN:180,(anonymous_5)
FN:187,(anonymous_6)
FNF:7
FNH:0
FNDA:0,(anonymous_0)
FNDA:0,(anonymous_1)
FNDA:0,(anonymous_2)
FNDA:0,(anonymous_3)
FNDA:0,(anonymous_4)
FNDA:0,(anonymous_5)
FNDA:0,(anonymous_6)
DA:2,0
DA:3,0
DA:5,0
DA:6,0
DA:7,0
DA:8,0
DA:9,0
DA:10,0
DA:11,0
DA:12,0
DA:41,0
DA:43,0
DA:44,0
DA:51,0
DA:62,0
DA:63,0
DA:66,0
DA:68,0
DA:72,0
DA:75,0
DA:76,0
DA:77,0
DA:78,0
DA:81,0
DA:82,0
DA:85,0
DA:86,0
DA:89,0
DA:90,0
DA:91,0
DA:92,0
DA:93,0
DA:96,0
DA:101,0
DA:104,0
DA:105,0
DA:108,0
DA:109,0
DA:112,0
DA:113,0
DA:116,0
DA:117,0
DA:120,0
DA:121,0
DA:122,0
DA:125,0
DA:126,0
DA:127,0
DA:130,0
DA:131,0
DA:133,0
DA:136,0
DA:137,0
DA:145,0
DA:147,0
DA:148,0
DA:149,0
DA:150,0
DA:152,0
DA:156,0
DA:157,0
DA:158,0
DA:159,0
DA:161,0
DA:165,0
DA:166,0
DA:167,0
DA:169,0
DA:173,0
DA:174,0
DA:181,0
DA:188,0
LF:72
LH:0
BRDA:50,0,0,0
BRDA:52,1,0,0
BRDA:52,1,1,0
BRDA:62,2,0,0
BRDA:126,3,0,0
BRDA:126,3,1,0
BRDA:147,4,0,0
BRDA:156,5,0,0
BRDA:165,6,0,0
BRF:9
BRH:0
end_of_record
TN:
SF:src/infrastructure/validators/thought-input.validator.ts
FN:26,(anonymous_0)
FNF:1
FNH:0
FNDA:0,(anonymous_0)
DA:5,0
DA:19,0
DA:28,0
DA:29,0
DA:33,0
DA:34,0
DA:38,0
DA:39,0
DA:43,0
DA:44,0
DA:47,0
LF:11
LH:0
BRDA:28,0,0,0
BRDA:33,1,0,0
BRDA:33,2,0,0
BRDA:33,2,1,0
BRDA:38,3,0,0
BRDA:43,4,0,0
BRDA:43,5,0,0
BRDA:43,5,1,0
BRDA:50,6,0,0
BRDA:50,6,1,0
BRF:10
BRH:0
end_of_record
TN:
SF:src/presentation/controllers/FileUploadController.ts
FN:18,(anonymous_0)
FN:28,(anonymous_1)
FN:92,(anonymous_2)
FNF:3
FNH:0
FNDA:0,(anonymous_0)
FNDA:0,(anonymous_1)
FNDA:0,(anonymous_2)
DA:2,0
DA:5,0
DA:11,0
DA:19,0
DA:20,0
DA:29,0
DA:31,0
DA:33,0
DA:34,0
DA:38,0
DA:41,0
DA:42,0
DA:45,0
DA:59,0
DA:62,0
DA:65,0
DA:67,0
DA:80,0
DA:93,0
DA:94,0
DA:99,0
DA:120,0
LF:22
LH:0
BRDA:33,0,0,0
BRDA:41,1,0,0
BRDA:41,1,1,0
BRDA:42,2,0,0
BRDA:42,2,1,0
BRDA:52,3,0,0
BRDA:52,3,1,0
BRDA:82,4,0,0
BRDA:82,4,1,0
BRDA:122,5,0,0
BRDA:122,5,1,0
BRF:11
BRH:0
end_of_record
TN:
SF:src/presentation/controllers/InputIntegrationController.ts
FN:17,(anonymous_0)
FN:31,(anonymous_1)
FN:83,(anonymous_2)
FN:106,(anonymous_3)
FNF:4
FNH:0
FNDA:0,(anonymous_0)
FNDA:0,(anonymous_1)
FNDA:0,(anonymous_2)
FNDA:0,(anonymous_3)
DA:2,0
DA:3,0
DA:4,0
DA:5,0
DA:6,0
DA:7,0
DA:8,0
DA:9,0
DA:10,0
DA:11,0
DA:12,0
DA:13,0
DA:16,0
DA:18,0
DA:19,0
DA:20,0
DA:21,0
DA:22,0
DA:31,0
DA:32,0
DA:33,0
DA:36,0
DA:39,0
DA:44,0
DA:47,0
DA:61,0
DA:63,0
DA:69,0
DA:83,0
DA:84,0
DA:86,0
DA:92,0
DA:106,0
DA:107,0
DA:109,0
DA:130,0
LF:36
LH:0
BRDA:72,0,0,0
BRDA:72,0,1,0
BRDA:95,1,0,0
BRDA:95,1,1,0
BRDA:133,2,0,0
BRDA:133,2,1,0
BRDA:31,3,0,0
BRDA:31,3,1,0
BRDA:31,4,0,0
BRDA:31,4,1,0
BRDA:31,5,0,0
BRDA:31,5,1,0
BRDA:31,6,0,0
BRDA:31,6,1,0
BRDA:83,7,0,0
BRDA:83,7,1,0
BRDA:83,8,0,0
BRDA:83,8,1,0
BRDA:83,9,0,0
BRDA:83,9,1,0
BRDA:83,10,0,0
BRDA:83,10,1,0
BRDA:106,11,0,0
BRDA:106,11,1,0
BRDA:106,12,0,0
BRDA:106,12,1,0
BRDA:106,13,0,0
BRDA:106,13,1,0
BRDA:106,14,0,0
BRDA:106,14,1,0
BRDA:18,15,0,0
BRDA:18,15,1,0
BRDA:18,16,0,0
BRDA:18,16,1,0
BRDA:18,17,0,0
BRDA:18,17,1,0
BRDA:18,18,0,0
BRDA:18,18,1,0
BRDA:19,19,0,0
BRDA:19,19,1,0
BRDA:19,20,0,0
BRDA:19,20,1,0
BRDA:20,21,0,0
BRDA:20,21,1,0
BRDA:20,22,0,0
BRDA:20,22,1,0
BRDA:21,23,0,0
BRDA:21,23,1,0
BRDA:21,24,0,0
BRDA:21,24,1,0
BRF:50
BRH:0
end_of_record
TN:
SF:src/presentation/controllers/SpeechToTextController.ts
FN:19,(anonymous_0)
FN:30,(anonymous_1)
FN:91,(anonymous_2)
FNF:3
FNH:0
FNDA:0,(anonymous_0)
FNDA:0,(anonymous_1)
FNDA:0,(anonymous_2)
DA:2,0
DA:11,0
DA:20,0
DA:21,0
DA:22,0
DA:31,0
DA:33,0
DA:35,0
DA:36,0
DA:40,0
DA:43,0
DA:44,0
DA:47,0
DA:48,0
DA:55,0
DA:58,0
DA:61,0
DA:64,0
DA:66,0
DA:79,0
DA:92,0
DA:93,0
DA:98,0
DA:120,0
LF:24
LH:0
BRDA:35,0,0,0
BRDA:43,1,0,0
BRDA:43,1,1,0
BRDA:44,2,0,0
BRDA:44,2,1,0
BRDA:47,3,0,0
BRDA:81,4,0,0
BRDA:81,4,1,0
BRDA:122,5,0,0
BRDA:122,5,1,0
BRF:10
BRH:0
end_of_record
TN:
SF:src/presentation/controllers/cognitive-feedback.controller.ts
FN:26,(anonymous_0)
FN:39,(anonymous_1)
FN:57,(anonymous_2)
FN:75,(anonymous_3)
FN:93,(anonymous_4)
FN:111,(anonymous_5)
FNF:6
FNH:0
FNDA:0,(anonymous_0)
FNDA:0,(anonymous_1)
FNDA:0,(anonymous_2)
FNDA:0,(anonymous_3)
FNDA:0,(anonymous_4)
FNDA:0,(anonymous_5)
DA:6,0
DA:16,0
DA:27,0
DA:28,0
DA:29,0
DA:30,0
DA:31,0
DA:40,0
DA:41,0
DA:42,0
DA:43,0
DA:45,0
DA:46,0
DA:48,0
DA:58,0
DA:59,0
DA:60,0
DA:61,0
DA:63,0
DA:64,0
DA:66,0
DA:76,0
DA:77,0
DA:78,0
DA:79,0
DA:81,0
DA:82,0
DA:84,0
DA:94,0
DA:95,0
DA:96,0
DA:97,0
DA:99,0
DA:100,0
DA:102,0
DA:112,0
DA:113,0
DA:114,0
DA:115,0
DA:118,0
DA:120,0
DA:122,0
DA:124,0
DA:127,0
DA:137,0
LF:45
LH:0
BRDA:48,0,0,0
BRDA:48,0,1,0
BRDA:66,1,0,0
BRDA:66,1,1,0
BRDA:84,2,0,0
BRDA:84,2,1,0
BRDA:102,3,0,0
BRDA:102,3,1,0
BRDA:137,4,0,0
BRDA:137,4,1,0
BRF:10
BRH:0
end_of_record
TN:
SF:src/presentation/controllers/input-integration.controller.ts
FN:17,(anonymous_0)
FN:31,(anonymous_1)
FN:125,(anonymous_2)
FN:137,(anonymous_3)
FN:163,(anonymous_4)
FN:185,(anonymous_5)
FN:205,(anonymous_6)
FNF:7
FNH:0
FNDA:0,(anonymous_0)
FNDA:0,(anonymous_1)
FNDA:0,(anonymous_2)
FNDA:0,(anonymous_3)
FNDA:0,(anonymous_4)
FNDA:0,(anonymous_5)
FNDA:0,(anonymous_6)
DA:2,0
DA:4,0
DA:5,0
DA:6,0
DA:7,0
DA:8,0
DA:9,0
DA:10,0
DA:11,0
DA:12,0
DA:13,0
DA:16,0
DA:18,0
DA:19,0
DA:20,0
DA:21,0
DA:22,0
DA:23,0
DA:32,0
DA:33,0
DA:34,0
DA:40,0
DA:42,0
DA:50,0
DA:51,0
DA:52,0
DA:55,0
DA:64,0
DA:65,0
DA:66,0
DA:69,0
DA:75,0
DA:76,0
DA:79,0
DA:86,0
DA:89,0
DA:92,0
DA:103,0
DA:113,0
DA:126,0
DA:127,0
DA:128,0
DA:130,0
DA:137,0
DA:138,0
DA:139,0
DA:140,0
DA:141,0
DA:143,0
DA:146,0
DA:151,0
DA:164,0
DA:165,0
DA:166,0
DA:168,0
DA:173,0
DA:186,0
DA:187,0
DA:188,0
DA:191,0
DA:192,0
DA:193,0
DA:194,0
DA:195,0
DA:196,0
DA:198,0
DA:199,0
DA:200,0
DA:205,0
DA:206,0
DA:207,0
DA:209,0
DA:213,0
DA:214,0
DA:217,0
DA:220,0
DA:232,0
DA:240,0
LF:78
LH:0
BRDA:34,0,0,0
BRDA:34,0,1,0
BRDA:40,1,0,0
BRDA:40,1,1,0
BRDA:40,1,2,0
BRDA:40,1,3,0
BRDA:47,2,0,0
BRDA:47,2,1,0
BRDA:58,3,0,0
BRDA:58,3,1,0
BRDA:59,4,0,0
BRDA:59,4,1,0
BRDA:60,5,0,0
BRDA:60,5,1,0
BRDA:61,6,0,0
BRDA:61,6,1,0
BRDA:71,7,0,0
BRDA:71,7,1,0
BRDA:72,8,0,0
BRDA:72,8,1,0
BRDA:127,9,0,0
BRDA:127,10,0,0
BRDA:128,11,0,0
BRDA:128,11,1,0
BRDA:138,12,0,0
BRDA:138,12,1,0
BRDA:140,13,0,0
BRDA:165,14,0,0
BRDA:165,14,1,0
BRDA:188,15,0,0
BRDA:188,15,1,0
BRDA:194,16,0,0
BRDA:199,17,0,0
BRDA:206,18,0,0
BRDA:18,19,0,0
BRDA:18,19,1,0
BRDA:18,20,0,0
BRDA:18,20,1,0
BRDA:18,21,0,0
BRDA:18,21,1,0
BRDA:18,22,0,0
BRDA:18,22,1,0
BRDA:19,23,0,0
BRDA:19,23,1,0
BRDA:19,24,0,0
BRDA:19,24,1,0
BRDA:20,25,0,0
BRDA:20,25,1,0
BRDA:20,26,0,0
BRDA:20,26,1,0
BRDA:21,27,0,0
BRDA:21,27,1,0
BRDA:21,28,0,0
BRDA:21,28,1,0
BRDA:22,29,0,0
BRDA:22,29,1,0
BRDA:22,30,0,0
BRDA:22,30,1,0
BRF:58
BRH:0
end_of_record
TN:
SF:src/presentation/middlewares/performance.middleware.ts
FN:32,(anonymous_0)
FN:36,(anonymous_1)
FN:45,(anonymous_2)
FN:47,(anonymous_3)
FN:53,(anonymous_4)
FN:72,(anonymous_5)
FN:91,(anonymous_6)
FN:104,(anonymous_7)
FN:113,(anonymous_8)
FN:129,createPerformanceMiddleware
FN:130,(anonymous_10)
FN:133,(anonymous_11)
FNF:12
FNH:0
FNDA:0,(anonymous_0)
FNDA:0,(anonymous_1)
FNDA:0,(anonymous_2)
FNDA:0,(anonymous_3)
FNDA:0,(anonymous_4)
FNDA:0,(anonymous_5)
FNDA:0,(anonymous_6)
FNDA:0,(anonymous_7)
FNDA:0,(anonymous_8)
FNDA:0,createPerformanceMiddleware
FNDA:0,(anonymous_10)
FNDA:0,(anonymous_11)
DA:27,0
DA:29,0
DA:30,0
DA:33,0
DA:37,0
DA:40,0
DA:41,0
DA:46,0
DA:47,0
DA:48,0
DA:49,0
DA:50,0
DA:53,0
DA:54,0
DA:55,0
DA:56,0
DA:58,0
DA:73,0
DA:75,0
DA:76,0
DA:83,0
DA:84,0
DA:92,0
DA:93,0
DA:96,0
DA:105,0
DA:106,0
DA:114,0
DA:116,0
DA:117,0
DA:120,0
DA:129,0
DA:130,0
DA:131,0
DA:133,0
DA:134,0
DA:135,0
DA:138,0
DA:139,0
DA:142,0
LF:40
LH:0
BRDA:40,0,0,0
BRDA:48,1,0,0
BRDA:48,1,1,0
BRDA:49,2,0,0
BRDA:49,2,1,0
BRDA:50,3,0,0
BRDA:50,3,1,0
BRDA:73,4,0,0
BRDA:92,5,0,0
BRDA:106,6,0,0
BRDA:106,6,1,0
BRF:11
BRH:0
end_of_record
TN:
SF:src/presentation/routes/ai-tasks.route.ts
FN:11,configureAiTasksRoutes
FN:13,(anonymous_1)
FN:15,(anonymous_2)
FNF:3
FNH:0
FNDA:0,configureAiTasksRoutes
FNDA:0,(anonymous_1)
FNDA:0,(anonymous_2)
DA:11,0
DA:13,0
DA:15,0
DA:16,0
DA:22,0
LF:5
LH:0
BRF:0
BRH:0
end_of_record
TN:
SF:src/presentation/routes/auth.route.ts
FN:11,configureAuthRoutes
FN:13,(anonymous_1)
FN:15,(anonymous_2)
FNF:3
FNH:0
FNDA:0,configureAuthRoutes
FNDA:0,(anonymous_1)
FNDA:0,(anonymous_2)
DA:11,0
DA:13,0
DA:15,0
DA:16,0
DA:22,0
LF:5
LH:0
BRF:0
BRH:0
end_of_record
TN:
SF:src/presentation/routes/cognitive.route.ts
FN:12,configureCognitiveRoutes
FN:17,(anonymous_1)
FN:19,(anonymous_2)
FNF:3
FNH:0
FNDA:0,configureCognitiveRoutes
FNDA:0,(anonymous_1)
FNDA:0,(anonymous_2)
DA:6,0
DA:12,0
DA:14,0
DA:17,0
DA:19,0
DA:20,0
DA:27,0
DA:28,0
DA:29,0
DA:30,0
DA:31,0
DA:33,0
LF:12
LH:0
BRF:0
BRH:0
end_of_record
TN:
SF:src/presentation/routes/file-upload.route.ts
FN:9,configureFileUploadRoutes
FN:50,(anonymous_1)
FN:87,(anonymous_2)
FNF:3
FNH:0
FNDA:0,configureFileUploadRoutes
FNDA:0,(anonymous_1)
FNDA:0,(anonymous_2)
DA:2,0
DA:3,0
DA:9,0
DA:11,0
DA:19,0
DA:22,0
DA:50,0
DA:53,0
DA:87,0
LF:9
LH:0
BRF:0
BRH:0
end_of_record
TN:
SF:src/presentation/routes/health.routes.ts
FN:11,configureHealthRoutes
FN:13,(anonymous_10)
FN:16,(anonymous_11)
FN:36,(anonymous_12)
FN:39,(anonymous_13)
FN:57,(anonymous_14)
FN:60,(anonymous_15)
FNF:7
FNH:0
FNDA:0,configureHealthRoutes
FNDA:0,(anonymous_10)
FNDA:0,(anonymous_11)
FNDA:0,(anonymous_12)
FNDA:0,(anonymous_13)
FNDA:0,(anonymous_14)
FNDA:0,(anonymous_15)
DA:11,0
DA:13,0
DA:14,0
DA:16,0
DA:19,0
DA:22,0
DA:25,0
DA:27,0
DA:36,0
DA:37,0
DA:39,0
DA:42,0
DA:45,0
DA:48,0
DA:50,0
DA:57,0
DA:58,0
DA:60,0
DA:63,0
DA:66,0
DA:69,0
DA:71,0
LF:22
LH:0
BRDA:25,0,0,0
BRDA:25,0,1,0
BRDA:30,1,0,0
BRDA:30,1,1,0
BRDA:51,2,0,0
BRDA:51,2,1,0
BRDA:72,3,0,0
BRDA:72,3,1,0
BRF:8
BRH:0
end_of_record
TN:
SF:src/presentation/routes/index.ts
FN:18,configureRoutes
FN:23,(anonymous_1)
FN:25,(anonymous_2)
FNF:3
FNH:0
FNDA:0,configureRoutes
FNDA:0,(anonymous_1)
FNDA:0,(anonymous_2)
DA:6,0
DA:7,0
DA:8,0
DA:9,0
DA:10,0
DA:11,0
DA:12,0
DA:18,0
DA:20,0
DA:23,0
DA:25,0
DA:26,0
DA:40,0
DA:41,0
DA:42,0
DA:43,0
DA:44,0
DA:45,0
LF:18
LH:0
BRF:0
BRH:0
end_of_record
TN:
SF:src/presentation/routes/speech-to-text.route.ts
FN:9,configureSpeechToTextRoutes
FN:50,(anonymous_1)
FN:87,(anonymous_2)
FNF:3
FNH:0
FNDA:0,configureSpeechToTextRoutes
FNDA:0,(anonymous_1)
FNDA:0,(anonymous_2)
DA:2,0
DA:3,0
DA:9,0
DA:11,0
DA:19,0
DA:22,0
DA:50,0
DA:53,0
DA:87,0
LF:9
LH:0
BRF:0
BRH:0
end_of_record
TN:
SF:src/presentation/routes/thoughts.route.ts
FN:11,configureThoughtsRoutes
FN:13,(anonymous_1)
FN:15,(anonymous_2)
FNF:3
FNH:0
FNDA:0,configureThoughtsRoutes
FNDA:0,(anonymous_1)
FNDA:0,(anonymous_2)
DA:11,0
DA:13,0
DA:15,0
DA:16,0
DA:22,0
LF:5
LH:0
BRF:0
BRH:0
end_of_record
